CRITICAL - 2022-07-08 21:08:11 --> Undefined array key "controller"
#0 C:\Users\ASUS TUF\Desktop\web pensiun\cms\dpension_admin\app\Config\Routes.php(51): CodeIgniter\Debug\Exceptions->errorHandler(2, 'Undefined array...', 'C:\\Users\\ASUS T...', 51)
#1 C:\Users\ASUS TUF\Desktop\web pensiun\cms\dpension_admin\vendor\codeigniter4\framework\system\CodeIgniter.php(713): require('C:\\Users\\ASUS T...')
#2 C:\Users\ASUS TUF\Desktop\web pensiun\cms\dpension_admin\vendor\codeigniter4\framework\system\CodeIgniter.php(368): CodeIgniter\CodeIgniter->tryToRouteIt(Object(CodeIgniter\Router\RouteCollection))
#3 C:\Users\ASUS TUF\Desktop\web pensiun\cms\dpension_admin\vendor\codeigniter4\framework\system\CodeIgniter.php(326): CodeIgniter\CodeIgniter->handleRequest(NULL, Object(Config\Cache), false)
#4 C:\Users\ASUS TUF\Desktop\web pensiun\cms\dpension_admin\vendor\codeigniter4\framework\system\CLI\Console.php(48): CodeIgniter\CodeIgniter->run()
#5 C:\Users\ASUS TUF\Desktop\web pensiun\cms\dpension_admin\spark(63): CodeIgniter\CLI\Console->run()
#6 {main}
CRITICAL - 2022-07-08 21:21:07 --> Too few arguments to function App\Controllers\Pages::index(), 0 passed in C:\Users\ASUS TUF\Desktop\web pensiun\cms\dpension_admin\vendor\codeigniter4\framework\system\CodeIgniter.php on line 832 and exactly 1 expected
#0 C:\Users\ASUS TUF\Desktop\web pensiun\cms\dpension_admin\vendor\codeigniter4\framework\system\CodeIgniter.php(832): App\Controllers\Pages->index()
#1 C:\Users\ASUS TUF\Desktop\web pensiun\cms\dpension_admin\vendor\codeigniter4\framework\system\CodeIgniter.php(419): CodeIgniter\CodeIgniter->runController(Object(App\Controllers\Pages))
#2 C:\Users\ASUS TUF\Desktop\web pensiun\cms\dpension_admin\vendor\codeigniter4\framework\system\CodeIgniter.php(326): CodeIgniter\CodeIgniter->handleRequest(NULL, Object(Config\Cache), false)
#3 C:\Users\ASUS TUF\Desktop\web pensiun\cms\dpension_admin\public\index.php(37): CodeIgniter\CodeIgniter->run()
#4 C:\Users\ASUS TUF\Desktop\web pensiun\cms\dpension_admin\vendor\codeigniter4\framework\system\Commands\Server\rewrite.php(43): require_once('C:\\Users\\ASUS T...')
#5 {main}
CRITICAL - 2022-07-08 21:23:44 --> Too few arguments to function App\Controllers\Pages::index(), 0 passed in C:\Users\ASUS TUF\Desktop\web pensiun\cms\dpension_admin\vendor\codeigniter4\framework\system\CodeIgniter.php on line 832 and exactly 1 expected
#0 C:\Users\ASUS TUF\Desktop\web pensiun\cms\dpension_admin\vendor\codeigniter4\framework\system\CodeIgniter.php(832): App\Controllers\Pages->index()
#1 C:\Users\ASUS TUF\Desktop\web pensiun\cms\dpension_admin\vendor\codeigniter4\framework\system\CodeIgniter.php(419): CodeIgniter\CodeIgniter->runController(Object(App\Controllers\Pages))
#2 C:\Users\ASUS TUF\Desktop\web pensiun\cms\dpension_admin\vendor\codeigniter4\framework\system\CodeIgniter.php(326): CodeIgniter\CodeIgniter->handleRequest(NULL, Object(Config\Cache), false)
#3 C:\Users\ASUS TUF\Desktop\web pensiun\cms\dpension_admin\public\index.php(37): CodeIgniter\CodeIgniter->run()
#4 C:\Users\ASUS TUF\Desktop\web pensiun\cms\dpension_admin\vendor\codeigniter4\framework\system\Commands\Server\rewrite.php(43): require_once('C:\\Users\\ASUS T...')
#5 {main}
CRITICAL - 2022-07-08 21:23:45 --> Too few arguments to function App\Controllers\Pages::index(), 0 passed in C:\Users\ASUS TUF\Desktop\web pensiun\cms\dpension_admin\vendor\codeigniter4\framework\system\CodeIgniter.php on line 832 and exactly 1 expected
#0 C:\Users\ASUS TUF\Desktop\web pensiun\cms\dpension_admin\vendor\codeigniter4\framework\system\CodeIgniter.php(832): App\Controllers\Pages->index()
#1 C:\Users\ASUS TUF\Desktop\web pensiun\cms\dpension_admin\vendor\codeigniter4\framework\system\CodeIgniter.php(419): CodeIgniter\CodeIgniter->runController(Object(App\Controllers\Pages))
#2 C:\Users\ASUS TUF\Desktop\web pensiun\cms\dpension_admin\vendor\codeigniter4\framework\system\CodeIgniter.php(326): CodeIgniter\CodeIgniter->handleRequest(NULL, Object(Config\Cache), false)
#3 C:\Users\ASUS TUF\Desktop\web pensiun\cms\dpension_admin\public\index.php(37): CodeIgniter\CodeIgniter->run()
#4 C:\Users\ASUS TUF\Desktop\web pensiun\cms\dpension_admin\vendor\codeigniter4\framework\system\Commands\Server\rewrite.php(43): require_once('C:\\Users\\ASUS T...')
#5 {main}
CRITICAL - 2022-07-08 21:23:45 --> Too few arguments to function App\Controllers\Pages::index(), 0 passed in C:\Users\ASUS TUF\Desktop\web pensiun\cms\dpension_admin\vendor\codeigniter4\framework\system\CodeIgniter.php on line 832 and exactly 1 expected
#0 C:\Users\ASUS TUF\Desktop\web pensiun\cms\dpension_admin\vendor\codeigniter4\framework\system\CodeIgniter.php(832): App\Controllers\Pages->index()
#1 C:\Users\ASUS TUF\Desktop\web pensiun\cms\dpension_admin\vendor\codeigniter4\framework\system\CodeIgniter.php(419): CodeIgniter\CodeIgniter->runController(Object(App\Controllers\Pages))
#2 C:\Users\ASUS TUF\Desktop\web pensiun\cms\dpension_admin\vendor\codeigniter4\framework\system\CodeIgniter.php(326): CodeIgniter\CodeIgniter->handleRequest(NULL, Object(Config\Cache), false)
#3 C:\Users\ASUS TUF\Desktop\web pensiun\cms\dpension_admin\public\index.php(37): CodeIgniter\CodeIgniter->run()
#4 C:\Users\ASUS TUF\Desktop\web pensiun\cms\dpension_admin\vendor\codeigniter4\framework\system\Commands\Server\rewrite.php(43): require_once('C:\\Users\\ASUS T...')
#5 {main}
CRITICAL - 2022-07-08 21:23:55 --> Too few arguments to function App\Controllers\Pages::index(), 0 passed in C:\Users\ASUS TUF\Desktop\web pensiun\cms\dpension_admin\vendor\codeigniter4\framework\system\CodeIgniter.php on line 832 and exactly 1 expected
#0 C:\Users\ASUS TUF\Desktop\web pensiun\cms\dpension_admin\vendor\codeigniter4\framework\system\CodeIgniter.php(832): App\Controllers\Pages->index()
#1 C:\Users\ASUS TUF\Desktop\web pensiun\cms\dpension_admin\vendor\codeigniter4\framework\system\CodeIgniter.php(419): CodeIgniter\CodeIgniter->runController(Object(App\Controllers\Pages))
#2 C:\Users\ASUS TUF\Desktop\web pensiun\cms\dpension_admin\vendor\codeigniter4\framework\system\CodeIgniter.php(326): CodeIgniter\CodeIgniter->handleRequest(NULL, Object(Config\Cache), false)
#3 C:\Users\ASUS TUF\Desktop\web pensiun\cms\dpension_admin\public\index.php(37): CodeIgniter\CodeIgniter->run()
#4 C:\Users\ASUS TUF\Desktop\web pensiun\cms\dpension_admin\vendor\codeigniter4\framework\system\Commands\Server\rewrite.php(43): require_once('C:\\Users\\ASUS T...')
#5 {main}
CRITICAL - 2022-07-08 21:25:54 --> Too few arguments to function App\Controllers\Pages::index(), 0 passed in C:\Users\ASUS TUF\Desktop\web pensiun\cms\dpension_admin\vendor\codeigniter4\framework\system\CodeIgniter.php on line 832 and exactly 1 expected
#0 C:\Users\ASUS TUF\Desktop\web pensiun\cms\dpension_admin\vendor\codeigniter4\framework\system\CodeIgniter.php(832): App\Controllers\Pages->index()
#1 C:\Users\ASUS TUF\Desktop\web pensiun\cms\dpension_admin\vendor\codeigniter4\framework\system\CodeIgniter.php(419): CodeIgniter\CodeIgniter->runController(Object(App\Controllers\Pages))
#2 C:\Users\ASUS TUF\Desktop\web pensiun\cms\dpension_admin\vendor\codeigniter4\framework\system\CodeIgniter.php(326): CodeIgniter\CodeIgniter->handleRequest(NULL, Object(Config\Cache), false)
#3 C:\Users\ASUS TUF\Desktop\web pensiun\cms\dpension_admin\public\index.php(37): CodeIgniter\CodeIgniter->run()
#4 C:\Users\ASUS TUF\Desktop\web pensiun\cms\dpension_admin\vendor\codeigniter4\framework\system\Commands\Server\rewrite.php(43): require_once('C:\\Users\\ASUS T...')
#5 {main}
CRITICAL - 2022-07-08 21:25:55 --> Too few arguments to function App\Controllers\Pages::index(), 0 passed in C:\Users\ASUS TUF\Desktop\web pensiun\cms\dpension_admin\vendor\codeigniter4\framework\system\CodeIgniter.php on line 832 and exactly 1 expected
#0 C:\Users\ASUS TUF\Desktop\web pensiun\cms\dpension_admin\vendor\codeigniter4\framework\system\CodeIgniter.php(832): App\Controllers\Pages->index()
#1 C:\Users\ASUS TUF\Desktop\web pensiun\cms\dpension_admin\vendor\codeigniter4\framework\system\CodeIgniter.php(419): CodeIgniter\CodeIgniter->runController(Object(App\Controllers\Pages))
#2 C:\Users\ASUS TUF\Desktop\web pensiun\cms\dpension_admin\vendor\codeigniter4\framework\system\CodeIgniter.php(326): CodeIgniter\CodeIgniter->handleRequest(NULL, Object(Config\Cache), false)
#3 C:\Users\ASUS TUF\Desktop\web pensiun\cms\dpension_admin\public\index.php(37): CodeIgniter\CodeIgniter->run()
#4 C:\Users\ASUS TUF\Desktop\web pensiun\cms\dpension_admin\vendor\codeigniter4\framework\system\Commands\Server\rewrite.php(43): require_once('C:\\Users\\ASUS T...')
#5 {main}
