CRITICAL - 2022-08-05 01:27:54 --> Undefined variable $i
#0 C:\Users\ASUS TUF\Desktop\web pensiun\cms\dpension_admin\app\Views\components\list\article.php(79): CodeIgniter\Debug\Exceptions->errorHandler(2, 'Undefined varia...', 'C:\\Users\\ASUS T...', 79)
#1 C:\Users\ASUS TUF\Desktop\web pensiun\cms\dpension_admin\vendor\codeigniter4\framework\system\View\View.php(210): include('C:\\Users\\ASUS T...')
#2 C:\Users\ASUS TUF\Desktop\web pensiun\cms\dpension_admin\vendor\codeigniter4\framework\system\View\View.php(213): CodeIgniter\View\View->CodeIgniter\View\{closure}()
#3 C:\Users\ASUS TUF\Desktop\web pensiun\cms\dpension_admin\vendor\codeigniter4\framework\system\View\View.php(424): CodeIgniter\View\View->render('components/list...', NULL, true)
#4 C:\Users\ASUS TUF\Desktop\web pensiun\cms\dpension_admin\app\Views\contents\articles\articles.php(26): CodeIgniter\View\View->include('components/list...')
#5 C:\Users\ASUS TUF\Desktop\web pensiun\cms\dpension_admin\vendor\codeigniter4\framework\system\View\View.php(210): include('C:\\Users\\ASUS T...')
#6 C:\Users\ASUS TUF\Desktop\web pensiun\cms\dpension_admin\vendor\codeigniter4\framework\system\View\View.php(213): CodeIgniter\View\View->CodeIgniter\View\{closure}()
#7 C:\Users\ASUS TUF\Desktop\web pensiun\cms\dpension_admin\vendor\codeigniter4\framework\system\View\View.php(424): CodeIgniter\View\View->render('contents/articl...', NULL, true)
#8 C:\Users\ASUS TUF\Desktop\web pensiun\cms\dpension_admin\app\Views\pages\articles\articles.php(9): CodeIgniter\View\View->include('contents/articl...')
#9 C:\Users\ASUS TUF\Desktop\web pensiun\cms\dpension_admin\vendor\codeigniter4\framework\system\View\View.php(210): include('C:\\Users\\ASUS T...')
#10 C:\Users\ASUS TUF\Desktop\web pensiun\cms\dpension_admin\vendor\codeigniter4\framework\system\View\View.php(213): CodeIgniter\View\View->CodeIgniter\View\{closure}()
#11 C:\Users\ASUS TUF\Desktop\web pensiun\cms\dpension_admin\vendor\codeigniter4\framework\system\Common.php(1089): CodeIgniter\View\View->render('pages/articles/...', Array, true)
#12 C:\Users\ASUS TUF\Desktop\web pensiun\cms\dpension_admin\app\Controllers\Pages.php(88): view('pages/articles/...', Array)
#13 C:\Users\ASUS TUF\Desktop\web pensiun\cms\dpension_admin\vendor\codeigniter4\framework\system\CodeIgniter.php(832): App\Controllers\Pages->articles()
#14 C:\Users\ASUS TUF\Desktop\web pensiun\cms\dpension_admin\vendor\codeigniter4\framework\system\CodeIgniter.php(419): CodeIgniter\CodeIgniter->runController(Object(App\Controllers\Pages))
#15 C:\Users\ASUS TUF\Desktop\web pensiun\cms\dpension_admin\vendor\codeigniter4\framework\system\CodeIgniter.php(326): CodeIgniter\CodeIgniter->handleRequest(NULL, Object(Config\Cache), false)
#16 C:\Users\ASUS TUF\Desktop\web pensiun\cms\dpension_admin\public\index.php(37): CodeIgniter\CodeIgniter->run()
#17 C:\Users\ASUS TUF\Desktop\web pensiun\cms\dpension_admin\vendor\codeigniter4\framework\system\Commands\Server\rewrite.php(43): require_once('C:\\Users\\ASUS T...')
#18 {main}
CRITICAL - 2022-08-05 01:52:46 --> Undefined variable $datarow
#0 C:\Users\ASUS TUF\Desktop\web pensiun\cms\dpension_admin\app\Views\components\list\article.php(80): CodeIgniter\Debug\Exceptions->errorHandler(2, 'Undefined varia...', 'C:\\Users\\ASUS T...', 80)
#1 C:\Users\ASUS TUF\Desktop\web pensiun\cms\dpension_admin\vendor\codeigniter4\framework\system\View\View.php(210): include('C:\\Users\\ASUS T...')
#2 C:\Users\ASUS TUF\Desktop\web pensiun\cms\dpension_admin\vendor\codeigniter4\framework\system\View\View.php(213): CodeIgniter\View\View->CodeIgniter\View\{closure}()
#3 C:\Users\ASUS TUF\Desktop\web pensiun\cms\dpension_admin\vendor\codeigniter4\framework\system\View\View.php(424): CodeIgniter\View\View->render('components/list...', NULL, true)
#4 C:\Users\ASUS TUF\Desktop\web pensiun\cms\dpension_admin\app\Views\contents\categories\categories.php(26): CodeIgniter\View\View->include('components/list...')
#5 C:\Users\ASUS TUF\Desktop\web pensiun\cms\dpension_admin\vendor\codeigniter4\framework\system\View\View.php(210): include('C:\\Users\\ASUS T...')
#6 C:\Users\ASUS TUF\Desktop\web pensiun\cms\dpension_admin\vendor\codeigniter4\framework\system\View\View.php(213): CodeIgniter\View\View->CodeIgniter\View\{closure}()
#7 C:\Users\ASUS TUF\Desktop\web pensiun\cms\dpension_admin\vendor\codeigniter4\framework\system\View\View.php(424): CodeIgniter\View\View->render('contents/catego...', NULL, true)
#8 C:\Users\ASUS TUF\Desktop\web pensiun\cms\dpension_admin\app\Views\pages\categories\categories.php(9): CodeIgniter\View\View->include('contents/catego...')
#9 C:\Users\ASUS TUF\Desktop\web pensiun\cms\dpension_admin\vendor\codeigniter4\framework\system\View\View.php(210): include('C:\\Users\\ASUS T...')
#10 C:\Users\ASUS TUF\Desktop\web pensiun\cms\dpension_admin\vendor\codeigniter4\framework\system\View\View.php(213): CodeIgniter\View\View->CodeIgniter\View\{closure}()
#11 C:\Users\ASUS TUF\Desktop\web pensiun\cms\dpension_admin\vendor\codeigniter4\framework\system\Common.php(1089): CodeIgniter\View\View->render('pages/categorie...', Array, true)
#12 C:\Users\ASUS TUF\Desktop\web pensiun\cms\dpension_admin\app\Controllers\Pages.php(52): view('pages/categorie...', Array)
#13 C:\Users\ASUS TUF\Desktop\web pensiun\cms\dpension_admin\vendor\codeigniter4\framework\system\CodeIgniter.php(832): App\Controllers\Pages->categories()
#14 C:\Users\ASUS TUF\Desktop\web pensiun\cms\dpension_admin\vendor\codeigniter4\framework\system\CodeIgniter.php(419): CodeIgniter\CodeIgniter->runController(Object(App\Controllers\Pages))
#15 C:\Users\ASUS TUF\Desktop\web pensiun\cms\dpension_admin\vendor\codeigniter4\framework\system\CodeIgniter.php(326): CodeIgniter\CodeIgniter->handleRequest(NULL, Object(Config\Cache), false)
#16 C:\Users\ASUS TUF\Desktop\web pensiun\cms\dpension_admin\public\index.php(37): CodeIgniter\CodeIgniter->run()
#17 C:\Users\ASUS TUF\Desktop\web pensiun\cms\dpension_admin\vendor\codeigniter4\framework\system\Commands\Server\rewrite.php(43): require_once('C:\\Users\\ASUS T...')
#18 {main}
CRITICAL - 2022-08-05 01:52:50 --> Invalid file: components/list/articles.php
#0 C:\Users\ASUS TUF\Desktop\web pensiun\cms\dpension_admin\vendor\codeigniter4\framework\system\View\View.php(198): CodeIgniter\Exceptions\FrameworkException::forInvalidFile('components/list...')
#1 C:\Users\ASUS TUF\Desktop\web pensiun\cms\dpension_admin\vendor\codeigniter4\framework\system\View\View.php(424): CodeIgniter\View\View->render('components/list...', NULL, true)
#2 C:\Users\ASUS TUF\Desktop\web pensiun\cms\dpension_admin\app\Views\contents\categories\categories.php(26): CodeIgniter\View\View->include('components/list...')
#3 C:\Users\ASUS TUF\Desktop\web pensiun\cms\dpension_admin\vendor\codeigniter4\framework\system\View\View.php(210): include('C:\\Users\\ASUS T...')
#4 C:\Users\ASUS TUF\Desktop\web pensiun\cms\dpension_admin\vendor\codeigniter4\framework\system\View\View.php(213): CodeIgniter\View\View->CodeIgniter\View\{closure}()
#5 C:\Users\ASUS TUF\Desktop\web pensiun\cms\dpension_admin\vendor\codeigniter4\framework\system\View\View.php(424): CodeIgniter\View\View->render('contents/catego...', NULL, true)
#6 C:\Users\ASUS TUF\Desktop\web pensiun\cms\dpension_admin\app\Views\pages\categories\categories.php(9): CodeIgniter\View\View->include('contents/catego...')
#7 C:\Users\ASUS TUF\Desktop\web pensiun\cms\dpension_admin\vendor\codeigniter4\framework\system\View\View.php(210): include('C:\\Users\\ASUS T...')
#8 C:\Users\ASUS TUF\Desktop\web pensiun\cms\dpension_admin\vendor\codeigniter4\framework\system\View\View.php(213): CodeIgniter\View\View->CodeIgniter\View\{closure}()
#9 C:\Users\ASUS TUF\Desktop\web pensiun\cms\dpension_admin\vendor\codeigniter4\framework\system\Common.php(1089): CodeIgniter\View\View->render('pages/categorie...', Array, true)
#10 C:\Users\ASUS TUF\Desktop\web pensiun\cms\dpension_admin\app\Controllers\Pages.php(52): view('pages/categorie...', Array)
#11 C:\Users\ASUS TUF\Desktop\web pensiun\cms\dpension_admin\vendor\codeigniter4\framework\system\CodeIgniter.php(832): App\Controllers\Pages->categories()
#12 C:\Users\ASUS TUF\Desktop\web pensiun\cms\dpension_admin\vendor\codeigniter4\framework\system\CodeIgniter.php(419): CodeIgniter\CodeIgniter->runController(Object(App\Controllers\Pages))
#13 C:\Users\ASUS TUF\Desktop\web pensiun\cms\dpension_admin\vendor\codeigniter4\framework\system\CodeIgniter.php(326): CodeIgniter\CodeIgniter->handleRequest(NULL, Object(Config\Cache), false)
#14 C:\Users\ASUS TUF\Desktop\web pensiun\cms\dpension_admin\public\index.php(37): CodeIgniter\CodeIgniter->run()
#15 C:\Users\ASUS TUF\Desktop\web pensiun\cms\dpension_admin\vendor\codeigniter4\framework\system\Commands\Server\rewrite.php(43): require_once('C:\\Users\\ASUS T...')
#16 {main}
CRITICAL - 2022-08-05 01:52:54 --> Undefined variable $datarow
#0 C:\Users\ASUS TUF\Desktop\web pensiun\cms\dpension_admin\app\Views\components\list\article.php(80): CodeIgniter\Debug\Exceptions->errorHandler(2, 'Undefined varia...', 'C:\\Users\\ASUS T...', 80)
#1 C:\Users\ASUS TUF\Desktop\web pensiun\cms\dpension_admin\vendor\codeigniter4\framework\system\View\View.php(210): include('C:\\Users\\ASUS T...')
#2 C:\Users\ASUS TUF\Desktop\web pensiun\cms\dpension_admin\vendor\codeigniter4\framework\system\View\View.php(213): CodeIgniter\View\View->CodeIgniter\View\{closure}()
#3 C:\Users\ASUS TUF\Desktop\web pensiun\cms\dpension_admin\vendor\codeigniter4\framework\system\View\View.php(424): CodeIgniter\View\View->render('components/list...', NULL, true)
#4 C:\Users\ASUS TUF\Desktop\web pensiun\cms\dpension_admin\app\Views\contents\categories\categories.php(26): CodeIgniter\View\View->include('components/list...')
#5 C:\Users\ASUS TUF\Desktop\web pensiun\cms\dpension_admin\vendor\codeigniter4\framework\system\View\View.php(210): include('C:\\Users\\ASUS T...')
#6 C:\Users\ASUS TUF\Desktop\web pensiun\cms\dpension_admin\vendor\codeigniter4\framework\system\View\View.php(213): CodeIgniter\View\View->CodeIgniter\View\{closure}()
#7 C:\Users\ASUS TUF\Desktop\web pensiun\cms\dpension_admin\vendor\codeigniter4\framework\system\View\View.php(424): CodeIgniter\View\View->render('contents/catego...', NULL, true)
#8 C:\Users\ASUS TUF\Desktop\web pensiun\cms\dpension_admin\app\Views\pages\categories\categories.php(9): CodeIgniter\View\View->include('contents/catego...')
#9 C:\Users\ASUS TUF\Desktop\web pensiun\cms\dpension_admin\vendor\codeigniter4\framework\system\View\View.php(210): include('C:\\Users\\ASUS T...')
#10 C:\Users\ASUS TUF\Desktop\web pensiun\cms\dpension_admin\vendor\codeigniter4\framework\system\View\View.php(213): CodeIgniter\View\View->CodeIgniter\View\{closure}()
#11 C:\Users\ASUS TUF\Desktop\web pensiun\cms\dpension_admin\vendor\codeigniter4\framework\system\Common.php(1089): CodeIgniter\View\View->render('pages/categorie...', Array, true)
#12 C:\Users\ASUS TUF\Desktop\web pensiun\cms\dpension_admin\app\Controllers\Pages.php(52): view('pages/categorie...', Array)
#13 C:\Users\ASUS TUF\Desktop\web pensiun\cms\dpension_admin\vendor\codeigniter4\framework\system\CodeIgniter.php(832): App\Controllers\Pages->categories()
#14 C:\Users\ASUS TUF\Desktop\web pensiun\cms\dpension_admin\vendor\codeigniter4\framework\system\CodeIgniter.php(419): CodeIgniter\CodeIgniter->runController(Object(App\Controllers\Pages))
#15 C:\Users\ASUS TUF\Desktop\web pensiun\cms\dpension_admin\vendor\codeigniter4\framework\system\CodeIgniter.php(326): CodeIgniter\CodeIgniter->handleRequest(NULL, Object(Config\Cache), false)
#16 C:\Users\ASUS TUF\Desktop\web pensiun\cms\dpension_admin\public\index.php(37): CodeIgniter\CodeIgniter->run()
#17 C:\Users\ASUS TUF\Desktop\web pensiun\cms\dpension_admin\vendor\codeigniter4\framework\system\Commands\Server\rewrite.php(43): require_once('C:\\Users\\ASUS T...')
#18 {main}
CRITICAL - 2022-08-05 01:53:23 --> Undefined array key "n_photo"
#0 C:\Users\ASUS TUF\Desktop\web pensiun\cms\dpension_admin\app\Views\components\list\article.php(96): CodeIgniter\Debug\Exceptions->errorHandler(2, 'Undefined array...', 'C:\\Users\\ASUS T...', 96)
#1 C:\Users\ASUS TUF\Desktop\web pensiun\cms\dpension_admin\vendor\codeigniter4\framework\system\View\View.php(210): include('C:\\Users\\ASUS T...')
#2 C:\Users\ASUS TUF\Desktop\web pensiun\cms\dpension_admin\vendor\codeigniter4\framework\system\View\View.php(213): CodeIgniter\View\View->CodeIgniter\View\{closure}()
#3 C:\Users\ASUS TUF\Desktop\web pensiun\cms\dpension_admin\vendor\codeigniter4\framework\system\View\View.php(424): CodeIgniter\View\View->render('components/list...', NULL, true)
#4 C:\Users\ASUS TUF\Desktop\web pensiun\cms\dpension_admin\app\Views\contents\categories\categories.php(26): CodeIgniter\View\View->include('components/list...')
#5 C:\Users\ASUS TUF\Desktop\web pensiun\cms\dpension_admin\vendor\codeigniter4\framework\system\View\View.php(210): include('C:\\Users\\ASUS T...')
#6 C:\Users\ASUS TUF\Desktop\web pensiun\cms\dpension_admin\vendor\codeigniter4\framework\system\View\View.php(213): CodeIgniter\View\View->CodeIgniter\View\{closure}()
#7 C:\Users\ASUS TUF\Desktop\web pensiun\cms\dpension_admin\vendor\codeigniter4\framework\system\View\View.php(424): CodeIgniter\View\View->render('contents/catego...', NULL, true)
#8 C:\Users\ASUS TUF\Desktop\web pensiun\cms\dpension_admin\app\Views\pages\categories\categories.php(9): CodeIgniter\View\View->include('contents/catego...')
#9 C:\Users\ASUS TUF\Desktop\web pensiun\cms\dpension_admin\vendor\codeigniter4\framework\system\View\View.php(210): include('C:\\Users\\ASUS T...')
#10 C:\Users\ASUS TUF\Desktop\web pensiun\cms\dpension_admin\vendor\codeigniter4\framework\system\View\View.php(213): CodeIgniter\View\View->CodeIgniter\View\{closure}()
#11 C:\Users\ASUS TUF\Desktop\web pensiun\cms\dpension_admin\vendor\codeigniter4\framework\system\Common.php(1089): CodeIgniter\View\View->render('pages/categorie...', Array, true)
#12 C:\Users\ASUS TUF\Desktop\web pensiun\cms\dpension_admin\app\Controllers\Pages.php(52): view('pages/categorie...', Array)
#13 C:\Users\ASUS TUF\Desktop\web pensiun\cms\dpension_admin\vendor\codeigniter4\framework\system\CodeIgniter.php(832): App\Controllers\Pages->categories()
#14 C:\Users\ASUS TUF\Desktop\web pensiun\cms\dpension_admin\vendor\codeigniter4\framework\system\CodeIgniter.php(419): CodeIgniter\CodeIgniter->runController(Object(App\Controllers\Pages))
#15 C:\Users\ASUS TUF\Desktop\web pensiun\cms\dpension_admin\vendor\codeigniter4\framework\system\CodeIgniter.php(326): CodeIgniter\CodeIgniter->handleRequest(NULL, Object(Config\Cache), false)
#16 C:\Users\ASUS TUF\Desktop\web pensiun\cms\dpension_admin\public\index.php(37): CodeIgniter\CodeIgniter->run()
#17 C:\Users\ASUS TUF\Desktop\web pensiun\cms\dpension_admin\vendor\codeigniter4\framework\system\Commands\Server\rewrite.php(43): require_once('C:\\Users\\ASUS T...')
#18 {main}
ERROR - 2022-08-05 02:16:37 --> Duplicate entry '0' for key 'PRIMARY'
CRITICAL - 2022-08-05 02:16:37 --> Duplicate entry '0' for key 'PRIMARY'
#0 C:\Users\ASUS TUF\Desktop\web pensiun\cms\dpension_admin\vendor\codeigniter4\framework\system\Database\MySQLi\Connection.php(292): mysqli->query('INSERT INTO `t_...', 0)
#1 C:\Users\ASUS TUF\Desktop\web pensiun\cms\dpension_admin\vendor\codeigniter4\framework\system\Database\BaseConnection.php(670): CodeIgniter\Database\MySQLi\Connection->execute('INSERT INTO `t_...')
#2 C:\Users\ASUS TUF\Desktop\web pensiun\cms\dpension_admin\vendor\codeigniter4\framework\system\Database\BaseConnection.php(598): CodeIgniter\Database\BaseConnection->simpleQuery('INSERT INTO `t_...')
#3 C:\Users\ASUS TUF\Desktop\web pensiun\cms\dpension_admin\vendor\codeigniter4\framework\system\Database\BaseBuilder.php(1771): CodeIgniter\Database\BaseConnection->query('INSERT INTO `t_...', Array, false)
#4 C:\Users\ASUS TUF\Desktop\web pensiun\cms\dpension_admin\app\Controllers\PostController.php(52): CodeIgniter\Database\BaseBuilder->insert(Array)
#5 C:\Users\ASUS TUF\Desktop\web pensiun\cms\dpension_admin\vendor\codeigniter4\framework\system\CodeIgniter.php(832): App\Controllers\PostController->save_categories()
#6 C:\Users\ASUS TUF\Desktop\web pensiun\cms\dpension_admin\vendor\codeigniter4\framework\system\CodeIgniter.php(419): CodeIgniter\CodeIgniter->runController(Object(App\Controllers\PostController))
#7 C:\Users\ASUS TUF\Desktop\web pensiun\cms\dpension_admin\vendor\codeigniter4\framework\system\CodeIgniter.php(326): CodeIgniter\CodeIgniter->handleRequest(NULL, Object(Config\Cache), false)
#8 C:\Users\ASUS TUF\Desktop\web pensiun\cms\dpension_admin\public\index.php(37): CodeIgniter\CodeIgniter->run()
#9 C:\Users\ASUS TUF\Desktop\web pensiun\cms\dpension_admin\vendor\codeigniter4\framework\system\Commands\Server\rewrite.php(43): require_once('C:\\Users\\ASUS T...')
#10 {main}
CRITICAL - 2022-08-05 04:02:02 --> Invalid file: components/navigation/dashboard.php
#0 C:\Users\ASUS TUF\Desktop\web pensiun\cms\dpension_admin\vendor\codeigniter4\framework\system\View\View.php(198): CodeIgniter\Exceptions\FrameworkException::forInvalidFile('components/navi...')
#1 C:\Users\ASUS TUF\Desktop\web pensiun\cms\dpension_admin\vendor\codeigniter4\framework\system\View\View.php(424): CodeIgniter\View\View->render('components/navi...', NULL, true)
#2 C:\Users\ASUS TUF\Desktop\web pensiun\cms\dpension_admin\app\Views\partials\header.php(42): CodeIgniter\View\View->include('components/navi...')
#3 C:\Users\ASUS TUF\Desktop\web pensiun\cms\dpension_admin\vendor\codeigniter4\framework\system\View\View.php(210): include('C:\\Users\\ASUS T...')
#4 C:\Users\ASUS TUF\Desktop\web pensiun\cms\dpension_admin\vendor\codeigniter4\framework\system\View\View.php(213): CodeIgniter\View\View->CodeIgniter\View\{closure}()
#5 C:\Users\ASUS TUF\Desktop\web pensiun\cms\dpension_admin\vendor\codeigniter4\framework\system\View\View.php(424): CodeIgniter\View\View->render('partials/header', NULL, true)
#6 C:\Users\ASUS TUF\Desktop\web pensiun\cms\dpension_admin\app\Views\contents\articles\articles.php(10): CodeIgniter\View\View->include('partials/header')
#7 C:\Users\ASUS TUF\Desktop\web pensiun\cms\dpension_admin\vendor\codeigniter4\framework\system\View\View.php(210): include('C:\\Users\\ASUS T...')
#8 C:\Users\ASUS TUF\Desktop\web pensiun\cms\dpension_admin\vendor\codeigniter4\framework\system\View\View.php(213): CodeIgniter\View\View->CodeIgniter\View\{closure}()
#9 C:\Users\ASUS TUF\Desktop\web pensiun\cms\dpension_admin\vendor\codeigniter4\framework\system\View\View.php(424): CodeIgniter\View\View->render('contents/articl...', NULL, true)
#10 C:\Users\ASUS TUF\Desktop\web pensiun\cms\dpension_admin\app\Views\pages\articles\articles.php(9): CodeIgniter\View\View->include('contents/articl...')
#11 C:\Users\ASUS TUF\Desktop\web pensiun\cms\dpension_admin\vendor\codeigniter4\framework\system\View\View.php(210): include('C:\\Users\\ASUS T...')
#12 C:\Users\ASUS TUF\Desktop\web pensiun\cms\dpension_admin\vendor\codeigniter4\framework\system\View\View.php(213): CodeIgniter\View\View->CodeIgniter\View\{closure}()
#13 C:\Users\ASUS TUF\Desktop\web pensiun\cms\dpension_admin\vendor\codeigniter4\framework\system\Common.php(1089): CodeIgniter\View\View->render('pages/articles/...', Array, true)
#14 C:\Users\ASUS TUF\Desktop\web pensiun\cms\dpension_admin\app\Controllers\Pages.php(88): view('pages/articles/...', Array)
#15 C:\Users\ASUS TUF\Desktop\web pensiun\cms\dpension_admin\vendor\codeigniter4\framework\system\CodeIgniter.php(832): App\Controllers\Pages->articles()
#16 C:\Users\ASUS TUF\Desktop\web pensiun\cms\dpension_admin\vendor\codeigniter4\framework\system\CodeIgniter.php(419): CodeIgniter\CodeIgniter->runController(Object(App\Controllers\Pages))
#17 C:\Users\ASUS TUF\Desktop\web pensiun\cms\dpension_admin\vendor\codeigniter4\framework\system\CodeIgniter.php(326): CodeIgniter\CodeIgniter->handleRequest(NULL, Object(Config\Cache), false)
#18 C:\Users\ASUS TUF\Desktop\web pensiun\cms\dpension_admin\public\index.php(37): CodeIgniter\CodeIgniter->run()
#19 C:\Users\ASUS TUF\Desktop\web pensiun\cms\dpension_admin\vendor\codeigniter4\framework\system\Commands\Server\rewrite.php(43): require_once('C:\\Users\\ASUS T...')
#20 {main}
CRITICAL - 2022-08-05 04:02:19 --> Invalid file: components/navigation/dashboard.php
#0 C:\Users\ASUS TUF\Desktop\web pensiun\cms\dpension_admin\vendor\codeigniter4\framework\system\View\View.php(198): CodeIgniter\Exceptions\FrameworkException::forInvalidFile('components/navi...')
#1 C:\Users\ASUS TUF\Desktop\web pensiun\cms\dpension_admin\vendor\codeigniter4\framework\system\View\View.php(424): CodeIgniter\View\View->render('components/navi...', NULL, true)
#2 C:\Users\ASUS TUF\Desktop\web pensiun\cms\dpension_admin\app\Views\partials\header.php(42): CodeIgniter\View\View->include('components/navi...')
#3 C:\Users\ASUS TUF\Desktop\web pensiun\cms\dpension_admin\vendor\codeigniter4\framework\system\View\View.php(210): include('C:\\Users\\ASUS T...')
#4 C:\Users\ASUS TUF\Desktop\web pensiun\cms\dpension_admin\vendor\codeigniter4\framework\system\View\View.php(213): CodeIgniter\View\View->CodeIgniter\View\{closure}()
#5 C:\Users\ASUS TUF\Desktop\web pensiun\cms\dpension_admin\vendor\codeigniter4\framework\system\View\View.php(424): CodeIgniter\View\View->render('partials/header', NULL, true)
#6 C:\Users\ASUS TUF\Desktop\web pensiun\cms\dpension_admin\app\Views\contents\articles\articles.php(10): CodeIgniter\View\View->include('partials/header')
#7 C:\Users\ASUS TUF\Desktop\web pensiun\cms\dpension_admin\vendor\codeigniter4\framework\system\View\View.php(210): include('C:\\Users\\ASUS T...')
#8 C:\Users\ASUS TUF\Desktop\web pensiun\cms\dpension_admin\vendor\codeigniter4\framework\system\View\View.php(213): CodeIgniter\View\View->CodeIgniter\View\{closure}()
#9 C:\Users\ASUS TUF\Desktop\web pensiun\cms\dpension_admin\vendor\codeigniter4\framework\system\View\View.php(424): CodeIgniter\View\View->render('contents/articl...', NULL, true)
#10 C:\Users\ASUS TUF\Desktop\web pensiun\cms\dpension_admin\app\Views\pages\articles\articles.php(9): CodeIgniter\View\View->include('contents/articl...')
#11 C:\Users\ASUS TUF\Desktop\web pensiun\cms\dpension_admin\vendor\codeigniter4\framework\system\View\View.php(210): include('C:\\Users\\ASUS T...')
#12 C:\Users\ASUS TUF\Desktop\web pensiun\cms\dpension_admin\vendor\codeigniter4\framework\system\View\View.php(213): CodeIgniter\View\View->CodeIgniter\View\{closure}()
#13 C:\Users\ASUS TUF\Desktop\web pensiun\cms\dpension_admin\vendor\codeigniter4\framework\system\Common.php(1089): CodeIgniter\View\View->render('pages/articles/...', Array, true)
#14 C:\Users\ASUS TUF\Desktop\web pensiun\cms\dpension_admin\app\Controllers\Pages.php(88): view('pages/articles/...', Array)
#15 C:\Users\ASUS TUF\Desktop\web pensiun\cms\dpension_admin\vendor\codeigniter4\framework\system\CodeIgniter.php(832): App\Controllers\Pages->articles()
#16 C:\Users\ASUS TUF\Desktop\web pensiun\cms\dpension_admin\vendor\codeigniter4\framework\system\CodeIgniter.php(419): CodeIgniter\CodeIgniter->runController(Object(App\Controllers\Pages))
#17 C:\Users\ASUS TUF\Desktop\web pensiun\cms\dpension_admin\vendor\codeigniter4\framework\system\CodeIgniter.php(326): CodeIgniter\CodeIgniter->handleRequest(NULL, Object(Config\Cache), false)
#18 C:\Users\ASUS TUF\Desktop\web pensiun\cms\dpension_admin\public\index.php(37): CodeIgniter\CodeIgniter->run()
#19 C:\Users\ASUS TUF\Desktop\web pensiun\cms\dpension_admin\vendor\codeigniter4\framework\system\Commands\Server\rewrite.php(43): require_once('C:\\Users\\ASUS T...')
#20 {main}
CRITICAL - 2022-08-05 04:03:32 --> Invalid file: components/navigation/aside/dashboard.php
#0 C:\Users\ASUS TUF\Desktop\web pensiun\cms\dpension_admin\vendor\codeigniter4\framework\system\View\View.php(198): CodeIgniter\Exceptions\FrameworkException::forInvalidFile('components/navi...')
#1 C:\Users\ASUS TUF\Desktop\web pensiun\cms\dpension_admin\vendor\codeigniter4\framework\system\View\View.php(424): CodeIgniter\View\View->render('components/navi...', NULL, true)
#2 C:\Users\ASUS TUF\Desktop\web pensiun\cms\dpension_admin\app\Views\partials\aside.php(47): CodeIgniter\View\View->include('components/navi...')
#3 C:\Users\ASUS TUF\Desktop\web pensiun\cms\dpension_admin\vendor\codeigniter4\framework\system\View\View.php(210): include('C:\\Users\\ASUS T...')
#4 C:\Users\ASUS TUF\Desktop\web pensiun\cms\dpension_admin\vendor\codeigniter4\framework\system\View\View.php(213): CodeIgniter\View\View->CodeIgniter\View\{closure}()
#5 C:\Users\ASUS TUF\Desktop\web pensiun\cms\dpension_admin\vendor\codeigniter4\framework\system\View\View.php(424): CodeIgniter\View\View->render('partials/aside', NULL, true)
#6 C:\Users\ASUS TUF\Desktop\web pensiun\cms\dpension_admin\app\Views\contents\articles\articles.php(5): CodeIgniter\View\View->include('partials/aside')
#7 C:\Users\ASUS TUF\Desktop\web pensiun\cms\dpension_admin\vendor\codeigniter4\framework\system\View\View.php(210): include('C:\\Users\\ASUS T...')
#8 C:\Users\ASUS TUF\Desktop\web pensiun\cms\dpension_admin\vendor\codeigniter4\framework\system\View\View.php(213): CodeIgniter\View\View->CodeIgniter\View\{closure}()
#9 C:\Users\ASUS TUF\Desktop\web pensiun\cms\dpension_admin\vendor\codeigniter4\framework\system\View\View.php(424): CodeIgniter\View\View->render('contents/articl...', NULL, true)
#10 C:\Users\ASUS TUF\Desktop\web pensiun\cms\dpension_admin\app\Views\pages\articles\articles.php(9): CodeIgniter\View\View->include('contents/articl...')
#11 C:\Users\ASUS TUF\Desktop\web pensiun\cms\dpension_admin\vendor\codeigniter4\framework\system\View\View.php(210): include('C:\\Users\\ASUS T...')
#12 C:\Users\ASUS TUF\Desktop\web pensiun\cms\dpension_admin\vendor\codeigniter4\framework\system\View\View.php(213): CodeIgniter\View\View->CodeIgniter\View\{closure}()
#13 C:\Users\ASUS TUF\Desktop\web pensiun\cms\dpension_admin\vendor\codeigniter4\framework\system\Common.php(1089): CodeIgniter\View\View->render('pages/articles/...', Array, true)
#14 C:\Users\ASUS TUF\Desktop\web pensiun\cms\dpension_admin\app\Controllers\Pages.php(88): view('pages/articles/...', Array)
#15 C:\Users\ASUS TUF\Desktop\web pensiun\cms\dpension_admin\vendor\codeigniter4\framework\system\CodeIgniter.php(832): App\Controllers\Pages->articles()
#16 C:\Users\ASUS TUF\Desktop\web pensiun\cms\dpension_admin\vendor\codeigniter4\framework\system\CodeIgniter.php(419): CodeIgniter\CodeIgniter->runController(Object(App\Controllers\Pages))
#17 C:\Users\ASUS TUF\Desktop\web pensiun\cms\dpension_admin\vendor\codeigniter4\framework\system\CodeIgniter.php(326): CodeIgniter\CodeIgniter->handleRequest(NULL, Object(Config\Cache), false)
#18 C:\Users\ASUS TUF\Desktop\web pensiun\cms\dpension_admin\public\index.php(37): CodeIgniter\CodeIgniter->run()
#19 C:\Users\ASUS TUF\Desktop\web pensiun\cms\dpension_admin\vendor\codeigniter4\framework\system\Commands\Server\rewrite.php(43): require_once('C:\\Users\\ASUS T...')
#20 {main}
