ERROR - 2022-08-03 04:37:46 --> Error connecting to the database: No connection could be made because the target machine actively refused it
CRITICAL - 2022-08-03 04:37:46 --> Unable to connect to the database.
Main connection [MySQLi]: No connection could be made because the target machine actively refused it
#0 C:\Users\ASUS TUF\Desktop\web pensiun\cms\dpension_admin\vendor\codeigniter4\framework\system\Database\BaseConnection.php(577): CodeIgniter\Database\BaseConnection->initialize()
#1 C:\Users\ASUS TUF\Desktop\web pensiun\cms\dpension_admin\app\Controllers\Pages.php(26): CodeIgniter\Database\BaseConnection->query('select i_id as ...')
#2 C:\Users\ASUS TUF\Desktop\web pensiun\cms\dpension_admin\vendor\codeigniter4\framework\system\CodeIgniter.php(832): App\Controllers\Pages->index()
#3 C:\Users\ASUS TUF\Desktop\web pensiun\cms\dpension_admin\vendor\codeigniter4\framework\system\CodeIgniter.php(419): CodeIgniter\CodeIgniter->runController(Object(App\Controllers\Pages))
#4 C:\Users\ASUS TUF\Desktop\web pensiun\cms\dpension_admin\vendor\codeigniter4\framework\system\CodeIgniter.php(326): CodeIgniter\CodeIgniter->handleRequest(NULL, Object(Config\Cache), false)
#5 C:\Users\ASUS TUF\Desktop\web pensiun\cms\dpension_admin\public\index.php(37): CodeIgniter\CodeIgniter->run()
#6 C:\Users\ASUS TUF\Desktop\web pensiun\cms\dpension_admin\vendor\codeigniter4\framework\system\Commands\Server\rewrite.php(43): require_once('C:\\Users\\ASUS T...')
#7 {main}
ERROR - 2022-08-03 04:38:44 --> MySQL server has gone away
CRITICAL - 2022-08-03 04:38:44 --> MySQL server has gone away
#0 C:\Users\ASUS TUF\Desktop\web pensiun\cms\dpension_admin\vendor\codeigniter4\framework\system\Database\MySQLi\Connection.php(292): mysqli->query('select i_id as ...', 0)
#1 C:\Users\ASUS TUF\Desktop\web pensiun\cms\dpension_admin\vendor\codeigniter4\framework\system\Database\BaseConnection.php(670): CodeIgniter\Database\MySQLi\Connection->execute('select i_id as ...')
#2 C:\Users\ASUS TUF\Desktop\web pensiun\cms\dpension_admin\vendor\codeigniter4\framework\system\Database\BaseConnection.php(598): CodeIgniter\Database\BaseConnection->simpleQuery('select i_id as ...')
#3 C:\Users\ASUS TUF\Desktop\web pensiun\cms\dpension_admin\app\Controllers\Pages.php(26): CodeIgniter\Database\BaseConnection->query('select i_id as ...')
#4 C:\Users\ASUS TUF\Desktop\web pensiun\cms\dpension_admin\vendor\codeigniter4\framework\system\CodeIgniter.php(832): App\Controllers\Pages->index()
#5 C:\Users\ASUS TUF\Desktop\web pensiun\cms\dpension_admin\vendor\codeigniter4\framework\system\CodeIgniter.php(419): CodeIgniter\CodeIgniter->runController(Object(App\Controllers\Pages))
#6 C:\Users\ASUS TUF\Desktop\web pensiun\cms\dpension_admin\vendor\codeigniter4\framework\system\CodeIgniter.php(326): CodeIgniter\CodeIgniter->handleRequest(NULL, Object(Config\Cache), false)
#7 C:\Users\ASUS TUF\Desktop\web pensiun\cms\dpension_admin\public\index.php(37): CodeIgniter\CodeIgniter->run()
#8 C:\Users\ASUS TUF\Desktop\web pensiun\cms\dpension_admin\vendor\codeigniter4\framework\system\Commands\Server\rewrite.php(43): require_once('C:\\Users\\ASUS T...')
#9 {main}
ERROR - 2022-08-03 04:38:52 --> Error connecting to the database: No connection could be made because the target machine actively refused it
CRITICAL - 2022-08-03 04:38:52 --> Unable to connect to the database.
Main connection [MySQLi]: No connection could be made because the target machine actively refused it
#0 C:\Users\ASUS TUF\Desktop\web pensiun\cms\dpension_admin\vendor\codeigniter4\framework\system\Database\BaseConnection.php(577): CodeIgniter\Database\BaseConnection->initialize()
#1 C:\Users\ASUS TUF\Desktop\web pensiun\cms\dpension_admin\app\Controllers\Pages.php(26): CodeIgniter\Database\BaseConnection->query('select i_id as ...')
#2 C:\Users\ASUS TUF\Desktop\web pensiun\cms\dpension_admin\vendor\codeigniter4\framework\system\CodeIgniter.php(832): App\Controllers\Pages->index()
#3 C:\Users\ASUS TUF\Desktop\web pensiun\cms\dpension_admin\vendor\codeigniter4\framework\system\CodeIgniter.php(419): CodeIgniter\CodeIgniter->runController(Object(App\Controllers\Pages))
#4 C:\Users\ASUS TUF\Desktop\web pensiun\cms\dpension_admin\vendor\codeigniter4\framework\system\CodeIgniter.php(326): CodeIgniter\CodeIgniter->handleRequest(NULL, Object(Config\Cache), false)
#5 C:\Users\ASUS TUF\Desktop\web pensiun\cms\dpension_admin\public\index.php(37): CodeIgniter\CodeIgniter->run()
#6 C:\Users\ASUS TUF\Desktop\web pensiun\cms\dpension_admin\vendor\codeigniter4\framework\system\Commands\Server\rewrite.php(43): require_once('C:\\Users\\ASUS T...')
#7 {main}
ERROR - 2022-08-03 04:38:59 --> Error connecting to the database: No connection could be made because the target machine actively refused it
CRITICAL - 2022-08-03 04:38:59 --> Unable to connect to the database.
Main connection [MySQLi]: No connection could be made because the target machine actively refused it
#0 C:\Users\ASUS TUF\Desktop\web pensiun\cms\dpension_admin\vendor\codeigniter4\framework\system\Database\BaseConnection.php(577): CodeIgniter\Database\BaseConnection->initialize()
#1 C:\Users\ASUS TUF\Desktop\web pensiun\cms\dpension_admin\app\Controllers\Pages.php(26): CodeIgniter\Database\BaseConnection->query('select i_id as ...')
#2 C:\Users\ASUS TUF\Desktop\web pensiun\cms\dpension_admin\vendor\codeigniter4\framework\system\CodeIgniter.php(832): App\Controllers\Pages->index()
#3 C:\Users\ASUS TUF\Desktop\web pensiun\cms\dpension_admin\vendor\codeigniter4\framework\system\CodeIgniter.php(419): CodeIgniter\CodeIgniter->runController(Object(App\Controllers\Pages))
#4 C:\Users\ASUS TUF\Desktop\web pensiun\cms\dpension_admin\vendor\codeigniter4\framework\system\CodeIgniter.php(326): CodeIgniter\CodeIgniter->handleRequest(NULL, Object(Config\Cache), false)
#5 C:\Users\ASUS TUF\Desktop\web pensiun\cms\dpension_admin\public\index.php(37): CodeIgniter\CodeIgniter->run()
#6 C:\Users\ASUS TUF\Desktop\web pensiun\cms\dpension_admin\vendor\codeigniter4\framework\system\Commands\Server\rewrite.php(43): require_once('C:\\Users\\ASUS T...')
#7 {main}
CRITICAL - 2022-08-03 05:15:13 --> Invalid file: app/index.php
#0 C:\Users\ASUS TUF\Desktop\web pensiun\cms\dpension_admin\vendor\codeigniter4\framework\system\View\View.php(198): CodeIgniter\Exceptions\FrameworkException::forInvalidFile('app/index.php')
#1 C:\Users\ASUS TUF\Desktop\web pensiun\cms\dpension_admin\vendor\codeigniter4\framework\system\View\View.php(226): CodeIgniter\View\View->render('app/index', Array, true)
#2 C:\Users\ASUS TUF\Desktop\web pensiun\cms\dpension_admin\vendor\codeigniter4\framework\system\Common.php(1089): CodeIgniter\View\View->render('pages/dashboard...', Array, true)
#3 C:\Users\ASUS TUF\Desktop\web pensiun\cms\dpension_admin\app\Controllers\Pages.php(31): view('pages/dashboard...', Array)
#4 C:\Users\ASUS TUF\Desktop\web pensiun\cms\dpension_admin\vendor\codeigniter4\framework\system\CodeIgniter.php(832): App\Controllers\Pages->index()
#5 C:\Users\ASUS TUF\Desktop\web pensiun\cms\dpension_admin\vendor\codeigniter4\framework\system\CodeIgniter.php(419): CodeIgniter\CodeIgniter->runController(Object(App\Controllers\Pages))
#6 C:\Users\ASUS TUF\Desktop\web pensiun\cms\dpension_admin\vendor\codeigniter4\framework\system\CodeIgniter.php(326): CodeIgniter\CodeIgniter->handleRequest(NULL, Object(Config\Cache), false)
#7 C:\Users\ASUS TUF\Desktop\web pensiun\cms\dpension_admin\public\index.php(37): CodeIgniter\CodeIgniter->run()
#8 {main}
CRITICAL - 2022-08-03 05:15:22 --> Invalid file: app/index.php
#0 C:\Users\ASUS TUF\Desktop\web pensiun\cms\dpension_admin\vendor\codeigniter4\framework\system\View\View.php(198): CodeIgniter\Exceptions\FrameworkException::forInvalidFile('app/index.php')
#1 C:\Users\ASUS TUF\Desktop\web pensiun\cms\dpension_admin\vendor\codeigniter4\framework\system\View\View.php(226): CodeIgniter\View\View->render('app/index', Array, true)
#2 C:\Users\ASUS TUF\Desktop\web pensiun\cms\dpension_admin\vendor\codeigniter4\framework\system\Common.php(1089): CodeIgniter\View\View->render('pages/dashboard...', Array, true)
#3 C:\Users\ASUS TUF\Desktop\web pensiun\cms\dpension_admin\app\Controllers\Pages.php(31): view('pages/dashboard...', Array)
#4 C:\Users\ASUS TUF\Desktop\web pensiun\cms\dpension_admin\vendor\codeigniter4\framework\system\CodeIgniter.php(832): App\Controllers\Pages->index()
#5 C:\Users\ASUS TUF\Desktop\web pensiun\cms\dpension_admin\vendor\codeigniter4\framework\system\CodeIgniter.php(419): CodeIgniter\CodeIgniter->runController(Object(App\Controllers\Pages))
#6 C:\Users\ASUS TUF\Desktop\web pensiun\cms\dpension_admin\vendor\codeigniter4\framework\system\CodeIgniter.php(326): CodeIgniter\CodeIgniter->handleRequest(NULL, Object(Config\Cache), false)
#7 C:\Users\ASUS TUF\Desktop\web pensiun\cms\dpension_admin\public\index.php(37): CodeIgniter\CodeIgniter->run()
#8 C:\Users\ASUS TUF\Desktop\web pensiun\cms\dpension_admin\vendor\codeigniter4\framework\system\Commands\Server\rewrite.php(43): require_once('C:\\Users\\ASUS T...')
#9 {main}
CRITICAL - 2022-08-03 05:16:52 --> Invalid file: app/index.php
#0 C:\Users\ASUS TUF\Desktop\web pensiun\cms\dpension_admin\vendor\codeigniter4\framework\system\View\View.php(198): CodeIgniter\Exceptions\FrameworkException::forInvalidFile('app/index.php')
#1 C:\Users\ASUS TUF\Desktop\web pensiun\cms\dpension_admin\vendor\codeigniter4\framework\system\View\View.php(226): CodeIgniter\View\View->render('app/index', Array, true)
#2 C:\Users\ASUS TUF\Desktop\web pensiun\cms\dpension_admin\vendor\codeigniter4\framework\system\Common.php(1089): CodeIgniter\View\View->render('pages/dashboard...', Array, true)
#3 C:\Users\ASUS TUF\Desktop\web pensiun\cms\dpension_admin\app\Controllers\Pages.php(31): view('pages/dashboard...', Array)
#4 C:\Users\ASUS TUF\Desktop\web pensiun\cms\dpension_admin\vendor\codeigniter4\framework\system\CodeIgniter.php(832): App\Controllers\Pages->index()
#5 C:\Users\ASUS TUF\Desktop\web pensiun\cms\dpension_admin\vendor\codeigniter4\framework\system\CodeIgniter.php(419): CodeIgniter\CodeIgniter->runController(Object(App\Controllers\Pages))
#6 C:\Users\ASUS TUF\Desktop\web pensiun\cms\dpension_admin\vendor\codeigniter4\framework\system\CodeIgniter.php(326): CodeIgniter\CodeIgniter->handleRequest(NULL, Object(Config\Cache), false)
#7 C:\Users\ASUS TUF\Desktop\web pensiun\cms\dpension_admin\public\index.php(37): CodeIgniter\CodeIgniter->run()
#8 C:\Users\ASUS TUF\Desktop\web pensiun\cms\dpension_admin\vendor\codeigniter4\framework\system\Commands\Server\rewrite.php(43): require_once('C:\\Users\\ASUS T...')
#9 {main}
CRITICAL - 2022-08-03 05:17:09 --> Invalid file: app/index.php
#0 C:\Users\ASUS TUF\Desktop\web pensiun\cms\dpension_admin\vendor\codeigniter4\framework\system\View\View.php(198): CodeIgniter\Exceptions\FrameworkException::forInvalidFile('app/index.php')
#1 C:\Users\ASUS TUF\Desktop\web pensiun\cms\dpension_admin\vendor\codeigniter4\framework\system\View\View.php(226): CodeIgniter\View\View->render('app/index', Array, true)
#2 C:\Users\ASUS TUF\Desktop\web pensiun\cms\dpension_admin\vendor\codeigniter4\framework\system\Common.php(1089): CodeIgniter\View\View->render('pages/dashboard...', Array, true)
#3 C:\Users\ASUS TUF\Desktop\web pensiun\cms\dpension_admin\app\Controllers\Pages.php(31): view('pages/dashboard...', Array)
#4 C:\Users\ASUS TUF\Desktop\web pensiun\cms\dpension_admin\vendor\codeigniter4\framework\system\CodeIgniter.php(832): App\Controllers\Pages->index()
#5 C:\Users\ASUS TUF\Desktop\web pensiun\cms\dpension_admin\vendor\codeigniter4\framework\system\CodeIgniter.php(419): CodeIgniter\CodeIgniter->runController(Object(App\Controllers\Pages))
#6 C:\Users\ASUS TUF\Desktop\web pensiun\cms\dpension_admin\vendor\codeigniter4\framework\system\CodeIgniter.php(326): CodeIgniter\CodeIgniter->handleRequest(NULL, Object(Config\Cache), false)
#7 C:\Users\ASUS TUF\Desktop\web pensiun\cms\dpension_admin\public\index.php(37): CodeIgniter\CodeIgniter->run()
#8 C:\Users\ASUS TUF\Desktop\web pensiun\cms\dpension_admin\vendor\codeigniter4\framework\system\Commands\Server\rewrite.php(43): require_once('C:\\Users\\ASUS T...')
#9 {main}
CRITICAL - 2022-08-03 05:17:19 --> Invalid file: app/index.php
#0 C:\Users\ASUS TUF\Desktop\web pensiun\cms\dpension_admin\vendor\codeigniter4\framework\system\View\View.php(198): CodeIgniter\Exceptions\FrameworkException::forInvalidFile('app/index.php')
#1 C:\Users\ASUS TUF\Desktop\web pensiun\cms\dpension_admin\vendor\codeigniter4\framework\system\View\View.php(226): CodeIgniter\View\View->render('app/index', Array, true)
#2 C:\Users\ASUS TUF\Desktop\web pensiun\cms\dpension_admin\vendor\codeigniter4\framework\system\Common.php(1089): CodeIgniter\View\View->render('pages/dashboard...', Array, true)
#3 C:\Users\ASUS TUF\Desktop\web pensiun\cms\dpension_admin\app\Controllers\Pages.php(31): view('pages/dashboard...', Array)
#4 C:\Users\ASUS TUF\Desktop\web pensiun\cms\dpension_admin\vendor\codeigniter4\framework\system\CodeIgniter.php(832): App\Controllers\Pages->index()
#5 C:\Users\ASUS TUF\Desktop\web pensiun\cms\dpension_admin\vendor\codeigniter4\framework\system\CodeIgniter.php(419): CodeIgniter\CodeIgniter->runController(Object(App\Controllers\Pages))
#6 C:\Users\ASUS TUF\Desktop\web pensiun\cms\dpension_admin\vendor\codeigniter4\framework\system\CodeIgniter.php(326): CodeIgniter\CodeIgniter->handleRequest(NULL, Object(Config\Cache), false)
#7 C:\Users\ASUS TUF\Desktop\web pensiun\cms\dpension_admin\public\index.php(37): CodeIgniter\CodeIgniter->run()
#8 {main}
CRITICAL - 2022-08-03 06:19:53 --> Undefined variable $a
#0 C:\Users\ASUS TUF\Desktop\web pensiun\cms\dpension_admin\app\Views\contents\dashboards\dashboard.php(168): CodeIgniter\Debug\Exceptions->errorHandler(2, 'Undefined varia...', 'C:\\Users\\ASUS T...', 168)
#1 C:\Users\ASUS TUF\Desktop\web pensiun\cms\dpension_admin\vendor\codeigniter4\framework\system\View\View.php(210): include('C:\\Users\\ASUS T...')
#2 C:\Users\ASUS TUF\Desktop\web pensiun\cms\dpension_admin\vendor\codeigniter4\framework\system\View\View.php(213): CodeIgniter\View\View->CodeIgniter\View\{closure}()
#3 C:\Users\ASUS TUF\Desktop\web pensiun\cms\dpension_admin\vendor\codeigniter4\framework\system\View\View.php(424): CodeIgniter\View\View->render('contents/dashbo...', NULL, true)
#4 C:\Users\ASUS TUF\Desktop\web pensiun\cms\dpension_admin\app\Views\pages\dashboards\dashboard.php(12): CodeIgniter\View\View->include('contents/dashbo...')
#5 C:\Users\ASUS TUF\Desktop\web pensiun\cms\dpension_admin\vendor\codeigniter4\framework\system\View\View.php(210): include('C:\\Users\\ASUS T...')
#6 C:\Users\ASUS TUF\Desktop\web pensiun\cms\dpension_admin\vendor\codeigniter4\framework\system\View\View.php(213): CodeIgniter\View\View->CodeIgniter\View\{closure}()
#7 C:\Users\ASUS TUF\Desktop\web pensiun\cms\dpension_admin\vendor\codeigniter4\framework\system\Common.php(1089): CodeIgniter\View\View->render('pages/dashboard...', Array, true)
#8 C:\Users\ASUS TUF\Desktop\web pensiun\cms\dpension_admin\app\Controllers\Pages.php(31): view('pages/dashboard...', Array)
#9 C:\Users\ASUS TUF\Desktop\web pensiun\cms\dpension_admin\vendor\codeigniter4\framework\system\CodeIgniter.php(832): App\Controllers\Pages->index()
#10 C:\Users\ASUS TUF\Desktop\web pensiun\cms\dpension_admin\vendor\codeigniter4\framework\system\CodeIgniter.php(419): CodeIgniter\CodeIgniter->runController(Object(App\Controllers\Pages))
#11 C:\Users\ASUS TUF\Desktop\web pensiun\cms\dpension_admin\vendor\codeigniter4\framework\system\CodeIgniter.php(326): CodeIgniter\CodeIgniter->handleRequest(NULL, Object(Config\Cache), false)
#12 C:\Users\ASUS TUF\Desktop\web pensiun\cms\dpension_admin\public\index.php(37): CodeIgniter\CodeIgniter->run()
#13 {main}
<<<<<<< HEAD
CRITICAL - 2022-08-03 14:54:02 --> Call to undefined function CodeIgniter\locale_set_default()
#0 C:\Users\kamar\code\retirement-articles\cms\pension-cms\vendor\codeigniter4\framework\system\bootstrap.php(146): CodeIgniter\CodeIgniter->initialize()
#1 C:\Users\kamar\code\retirement-articles\cms\pension-cms\spark(45): require('C:\\Users\\kamar\\...')
#2 {main}
CRITICAL - 2022-08-03 14:54:41 --> Call to undefined function CodeIgniter\locale_set_default()
#0 C:\Users\kamar\code\retirement-articles\cms\pension-cms\vendor\codeigniter4\framework\system\bootstrap.php(146): CodeIgniter\CodeIgniter->initialize()
#1 C:\Users\kamar\code\retirement-articles\cms\pension-cms\spark(45): require('C:\\Users\\kamar\\...')
#2 {main}
CRITICAL - 2022-08-03 08:43:28 --> Undefined array key "id"
#0 C:\Users\kamar\code\retirement-articles\cms\pension-cms\app\Controllers\Pages.php(81): CodeIgniter\Debug\Exceptions->errorHandler(2, 'Undefined array...', 'C:\\Users\\kamar\\...', 81)
#1 C:\Users\kamar\code\retirement-articles\cms\pension-cms\vendor\codeigniter4\framework\system\CodeIgniter.php(832): App\Controllers\Pages->save_articles()
#2 C:\Users\kamar\code\retirement-articles\cms\pension-cms\vendor\codeigniter4\framework\system\CodeIgniter.php(419): CodeIgniter\CodeIgniter->runController(Object(App\Controllers\Pages))
#3 C:\Users\kamar\code\retirement-articles\cms\pension-cms\vendor\codeigniter4\framework\system\CodeIgniter.php(326): CodeIgniter\CodeIgniter->handleRequest(NULL, Object(Config\Cache), false)
#4 C:\Users\kamar\code\retirement-articles\cms\pension-cms\public\index.php(37): CodeIgniter\CodeIgniter->run()
#5 C:\Users\kamar\code\retirement-articles\cms\pension-cms\vendor\codeigniter4\framework\system\Commands\Server\rewrite.php(43): require_once('C:\\Users\\kamar\\...')
#6 {main}
CRITICAL - 2022-08-03 08:44:40 --> Undefined array key "id"
#0 C:\Users\kamar\code\retirement-articles\cms\pension-cms\app\Controllers\PostController.php(38): CodeIgniter\Debug\Exceptions->errorHandler(2, 'Undefined array...', 'C:\\Users\\kamar\\...', 38)
#1 C:\Users\kamar\code\retirement-articles\cms\pension-cms\vendor\codeigniter4\framework\system\CodeIgniter.php(832): App\Controllers\PostController->save_articles()
#2 C:\Users\kamar\code\retirement-articles\cms\pension-cms\vendor\codeigniter4\framework\system\CodeIgniter.php(419): CodeIgniter\CodeIgniter->runController(Object(App\Controllers\PostController))
#3 C:\Users\kamar\code\retirement-articles\cms\pension-cms\vendor\codeigniter4\framework\system\CodeIgniter.php(326): CodeIgniter\CodeIgniter->handleRequest(NULL, Object(Config\Cache), false)
#4 C:\Users\kamar\code\retirement-articles\cms\pension-cms\public\index.php(37): CodeIgniter\CodeIgniter->run()
#5 C:\Users\kamar\code\retirement-articles\cms\pension-cms\vendor\codeigniter4\framework\system\Commands\Server\rewrite.php(43): require_once('C:\\Users\\kamar\\...')
#6 {main}
CRITICAL - 2022-08-03 08:54:46 --> Undefined property: App\Controllers\PostController::$input
#0 C:\Users\kamar\code\retirement-articles\cms\pension-cms\app\Controllers\PostController.php(38): CodeIgniter\Debug\Exceptions->errorHandler(2, 'Undefined prope...', 'C:\\Users\\kamar\\...', 38)
#1 C:\Users\kamar\code\retirement-articles\cms\pension-cms\vendor\codeigniter4\framework\system\CodeIgniter.php(832): App\Controllers\PostController->save_articles()
#2 C:\Users\kamar\code\retirement-articles\cms\pension-cms\vendor\codeigniter4\framework\system\CodeIgniter.php(419): CodeIgniter\CodeIgniter->runController(Object(App\Controllers\PostController))
#3 C:\Users\kamar\code\retirement-articles\cms\pension-cms\vendor\codeigniter4\framework\system\CodeIgniter.php(326): CodeIgniter\CodeIgniter->handleRequest(NULL, Object(Config\Cache), false)
#4 C:\Users\kamar\code\retirement-articles\cms\pension-cms\public\index.php(37): CodeIgniter\CodeIgniter->run()
#5 C:\Users\kamar\code\retirement-articles\cms\pension-cms\vendor\codeigniter4\framework\system\Commands\Server\rewrite.php(43): require_once('C:\\Users\\kamar\\...')
#6 {main}
CRITICAL - 2022-08-03 09:01:28 --> Too few arguments to function App\Controllers\PostController::save_articles(), 0 passed in C:\Users\kamar\code\retirement-articles\cms\pension-cms\vendor\codeigniter4\framework\system\CodeIgniter.php on line 832 and exactly 1 expected
#0 C:\Users\kamar\code\retirement-articles\cms\pension-cms\vendor\codeigniter4\framework\system\CodeIgniter.php(832): App\Controllers\PostController->save_articles()
#1 C:\Users\kamar\code\retirement-articles\cms\pension-cms\vendor\codeigniter4\framework\system\CodeIgniter.php(419): CodeIgniter\CodeIgniter->runController(Object(App\Controllers\PostController))
#2 C:\Users\kamar\code\retirement-articles\cms\pension-cms\vendor\codeigniter4\framework\system\CodeIgniter.php(326): CodeIgniter\CodeIgniter->handleRequest(NULL, Object(Config\Cache), false)
#3 C:\Users\kamar\code\retirement-articles\cms\pension-cms\public\index.php(37): CodeIgniter\CodeIgniter->run()
#4 C:\Users\kamar\code\retirement-articles\cms\pension-cms\vendor\codeigniter4\framework\system\Commands\Server\rewrite.php(43): require_once('C:\\Users\\kamar\\...')
#5 {main}
CRITICAL - 2022-08-03 09:03:07 --> Too few arguments to function App\Controllers\PostController::save_articles(), 0 passed in C:\Users\kamar\code\retirement-articles\cms\pension-cms\vendor\codeigniter4\framework\system\CodeIgniter.php on line 832 and exactly 1 expected
#0 C:\Users\kamar\code\retirement-articles\cms\pension-cms\vendor\codeigniter4\framework\system\CodeIgniter.php(832): App\Controllers\PostController->save_articles()
#1 C:\Users\kamar\code\retirement-articles\cms\pension-cms\vendor\codeigniter4\framework\system\CodeIgniter.php(419): CodeIgniter\CodeIgniter->runController(Object(App\Controllers\PostController))
#2 C:\Users\kamar\code\retirement-articles\cms\pension-cms\vendor\codeigniter4\framework\system\CodeIgniter.php(326): CodeIgniter\CodeIgniter->handleRequest(NULL, Object(Config\Cache), false)
#3 C:\Users\kamar\code\retirement-articles\cms\pension-cms\public\index.php(37): CodeIgniter\CodeIgniter->run()
#4 C:\Users\kamar\code\retirement-articles\cms\pension-cms\vendor\codeigniter4\framework\system\Commands\Server\rewrite.php(43): require_once('C:\\Users\\kamar\\...')
#5 {main}
CRITICAL - 2022-08-03 09:13:08 --> Undefined property: App\Controllers\PostController::$input
#0 C:\Users\kamar\code\retirement-articles\cms\pension-cms\app\Controllers\PostController.php(38): CodeIgniter\Debug\Exceptions->errorHandler(2, 'Undefined prope...', 'C:\\Users\\kamar\\...', 38)
#1 C:\Users\kamar\code\retirement-articles\cms\pension-cms\vendor\codeigniter4\framework\system\CodeIgniter.php(832): App\Controllers\PostController->save_articles()
#2 C:\Users\kamar\code\retirement-articles\cms\pension-cms\vendor\codeigniter4\framework\system\CodeIgniter.php(419): CodeIgniter\CodeIgniter->runController(Object(App\Controllers\PostController))
#3 C:\Users\kamar\code\retirement-articles\cms\pension-cms\vendor\codeigniter4\framework\system\CodeIgniter.php(326): CodeIgniter\CodeIgniter->handleRequest(NULL, Object(Config\Cache), false)
#4 C:\Users\kamar\code\retirement-articles\cms\pension-cms\public\index.php(37): CodeIgniter\CodeIgniter->run()
#5 C:\Users\kamar\code\retirement-articles\cms\pension-cms\vendor\codeigniter4\framework\system\Commands\Server\rewrite.php(43): require_once('C:\\Users\\kamar\\...')
#6 {main}
CRITICAL - 2022-08-03 09:30:07 --> Unsupported operand types: string + string
#0 C:\Users\kamar\code\retirement-articles\cms\pension-cms\vendor\codeigniter4\framework\system\CodeIgniter.php(832): App\Controllers\PostController->save_articles()
#1 C:\Users\kamar\code\retirement-articles\cms\pension-cms\vendor\codeigniter4\framework\system\CodeIgniter.php(419): CodeIgniter\CodeIgniter->runController(Object(App\Controllers\PostController))
#2 C:\Users\kamar\code\retirement-articles\cms\pension-cms\vendor\codeigniter4\framework\system\CodeIgniter.php(326): CodeIgniter\CodeIgniter->handleRequest(NULL, Object(Config\Cache), false)
#3 C:\Users\kamar\code\retirement-articles\cms\pension-cms\public\index.php(37): CodeIgniter\CodeIgniter->run()
#4 C:\Users\kamar\code\retirement-articles\cms\pension-cms\vendor\codeigniter4\framework\system\Commands\Server\rewrite.php(43): require_once('C:\\Users\\kamar\\...')
#5 {main}
CRITICAL - 2022-08-03 09:32:09 -->  route cannot be found while reverse-routing.
#0 C:\Users\kamar\code\retirement-articles\cms\pension-cms\vendor\codeigniter4\framework\system\HTTP\RedirectResponse.php(56): CodeIgniter\HTTP\Exceptions\HTTPException::forInvalidRedirectRoute('')
#1 C:\Users\kamar\code\retirement-articles\cms\pension-cms\vendor\codeigniter4\framework\system\Common.php(832): CodeIgniter\HTTP\RedirectResponse->route(false)
#2 C:\Users\kamar\code\retirement-articles\cms\pension-cms\app\Controllers\PostController.php(48): redirect('http://localhos...')
#3 C:\Users\kamar\code\retirement-articles\cms\pension-cms\vendor\codeigniter4\framework\system\CodeIgniter.php(832): App\Controllers\PostController->save_articles()
#4 C:\Users\kamar\code\retirement-articles\cms\pension-cms\vendor\codeigniter4\framework\system\CodeIgniter.php(419): CodeIgniter\CodeIgniter->runController(Object(App\Controllers\PostController))
#5 C:\Users\kamar\code\retirement-articles\cms\pension-cms\vendor\codeigniter4\framework\system\CodeIgniter.php(326): CodeIgniter\CodeIgniter->handleRequest(NULL, Object(Config\Cache), false)
#6 C:\Users\kamar\code\retirement-articles\cms\pension-cms\public\index.php(37): CodeIgniter\CodeIgniter->run()
#7 C:\Users\kamar\code\retirement-articles\cms\pension-cms\vendor\codeigniter4\framework\system\Commands\Server\rewrite.php(43): require_once('C:\\Users\\kamar\\...')
#8 {main}
CRITICAL - 2022-08-03 09:33:07 -->  route cannot be found while reverse-routing.
#0 C:\Users\kamar\code\retirement-articles\cms\pension-cms\vendor\codeigniter4\framework\system\HTTP\RedirectResponse.php(56): CodeIgniter\HTTP\Exceptions\HTTPException::forInvalidRedirectRoute('')
#1 C:\Users\kamar\code\retirement-articles\cms\pension-cms\vendor\codeigniter4\framework\system\Common.php(832): CodeIgniter\HTTP\RedirectResponse->route(false)
#2 C:\Users\kamar\code\retirement-articles\cms\pension-cms\app\Controllers\PostController.php(48): redirect('http://localhos...')
#3 C:\Users\kamar\code\retirement-articles\cms\pension-cms\vendor\codeigniter4\framework\system\CodeIgniter.php(832): App\Controllers\PostController->save_articles()
#4 C:\Users\kamar\code\retirement-articles\cms\pension-cms\vendor\codeigniter4\framework\system\CodeIgniter.php(419): CodeIgniter\CodeIgniter->runController(Object(App\Controllers\PostController))
#5 C:\Users\kamar\code\retirement-articles\cms\pension-cms\vendor\codeigniter4\framework\system\CodeIgniter.php(326): CodeIgniter\CodeIgniter->handleRequest(NULL, Object(Config\Cache), false)
#6 C:\Users\kamar\code\retirement-articles\cms\pension-cms\public\index.php(37): CodeIgniter\CodeIgniter->run()
#7 C:\Users\kamar\code\retirement-articles\cms\pension-cms\vendor\codeigniter4\framework\system\Commands\Server\rewrite.php(43): require_once('C:\\Users\\kamar\\...')
#8 {main}
CRITICAL - 2022-08-03 09:33:08 -->  route cannot be found while reverse-routing.
#0 C:\Users\kamar\code\retirement-articles\cms\pension-cms\vendor\codeigniter4\framework\system\HTTP\RedirectResponse.php(56): CodeIgniter\HTTP\Exceptions\HTTPException::forInvalidRedirectRoute('')
#1 C:\Users\kamar\code\retirement-articles\cms\pension-cms\vendor\codeigniter4\framework\system\Common.php(832): CodeIgniter\HTTP\RedirectResponse->route(false)
#2 C:\Users\kamar\code\retirement-articles\cms\pension-cms\app\Controllers\PostController.php(48): redirect('http://localhos...')
#3 C:\Users\kamar\code\retirement-articles\cms\pension-cms\vendor\codeigniter4\framework\system\CodeIgniter.php(832): App\Controllers\PostController->save_articles()
#4 C:\Users\kamar\code\retirement-articles\cms\pension-cms\vendor\codeigniter4\framework\system\CodeIgniter.php(419): CodeIgniter\CodeIgniter->runController(Object(App\Controllers\PostController))
#5 C:\Users\kamar\code\retirement-articles\cms\pension-cms\vendor\codeigniter4\framework\system\CodeIgniter.php(326): CodeIgniter\CodeIgniter->handleRequest(NULL, Object(Config\Cache), false)
#6 C:\Users\kamar\code\retirement-articles\cms\pension-cms\public\index.php(37): CodeIgniter\CodeIgniter->run()
#7 C:\Users\kamar\code\retirement-articles\cms\pension-cms\vendor\codeigniter4\framework\system\Commands\Server\rewrite.php(43): require_once('C:\\Users\\kamar\\...')
#8 {main}
ERROR - 2022-08-03 23:09:36 --> You have an error in your SQL syntax; check the manual that corresponds to your MariaDB server version for the right syntax to use near 'desc from t_category where c_active = 1' at line 1
CRITICAL - 2022-08-03 23:09:36 --> You have an error in your SQL syntax; check the manual that corresponds to your MariaDB server version for the right syntax to use near 'desc from t_category where c_active = 1' at line 1
#0 C:\Users\kamar\code\retirement-articles\cms\pension-cms\vendor\codeigniter4\framework\system\Database\MySQLi\Connection.php(292): mysqli->query('select i_id as ...', 0)
#1 C:\Users\kamar\code\retirement-articles\cms\pension-cms\vendor\codeigniter4\framework\system\Database\BaseConnection.php(670): CodeIgniter\Database\MySQLi\Connection->execute('select i_id as ...')
#2 C:\Users\kamar\code\retirement-articles\cms\pension-cms\vendor\codeigniter4\framework\system\Database\BaseConnection.php(598): CodeIgniter\Database\BaseConnection->simpleQuery('select i_id as ...')
#3 C:\Users\kamar\code\retirement-articles\cms\pension-cms\app\Controllers\Pages.php(83): CodeIgniter\Database\BaseConnection->query('select i_id as ...')
#4 C:\Users\kamar\code\retirement-articles\cms\pension-cms\vendor\codeigniter4\framework\system\CodeIgniter.php(832): App\Controllers\Pages->add_article()
#5 C:\Users\kamar\code\retirement-articles\cms\pension-cms\vendor\codeigniter4\framework\system\CodeIgniter.php(419): CodeIgniter\CodeIgniter->runController(Object(App\Controllers\Pages))
#6 C:\Users\kamar\code\retirement-articles\cms\pension-cms\vendor\codeigniter4\framework\system\CodeIgniter.php(326): CodeIgniter\CodeIgniter->handleRequest(NULL, Object(Config\Cache), false)
#7 C:\Users\kamar\code\retirement-articles\cms\pension-cms\public\index.php(37): CodeIgniter\CodeIgniter->run()
#8 C:\Users\kamar\code\retirement-articles\cms\pension-cms\vendor\codeigniter4\framework\system\Commands\Server\rewrite.php(43): require_once('C:\\Users\\kamar\\...')
#9 {main}
ERROR - 2022-08-03 23:10:19 --> You have an error in your SQL syntax; check the manual that corresponds to your MariaDB server version for the right syntax to use near 'desc from t_category' at line 1
CRITICAL - 2022-08-03 23:10:19 --> You have an error in your SQL syntax; check the manual that corresponds to your MariaDB server version for the right syntax to use near 'desc from t_category' at line 1
#0 C:\Users\kamar\code\retirement-articles\cms\pension-cms\vendor\codeigniter4\framework\system\Database\MySQLi\Connection.php(292): mysqli->query('select i_id as ...', 0)
#1 C:\Users\kamar\code\retirement-articles\cms\pension-cms\vendor\codeigniter4\framework\system\Database\BaseConnection.php(670): CodeIgniter\Database\MySQLi\Connection->execute('select i_id as ...')
#2 C:\Users\kamar\code\retirement-articles\cms\pension-cms\vendor\codeigniter4\framework\system\Database\BaseConnection.php(598): CodeIgniter\Database\BaseConnection->simpleQuery('select i_id as ...')
#3 C:\Users\kamar\code\retirement-articles\cms\pension-cms\app\Controllers\Pages.php(83): CodeIgniter\Database\BaseConnection->query('select i_id as ...')
#4 C:\Users\kamar\code\retirement-articles\cms\pension-cms\vendor\codeigniter4\framework\system\CodeIgniter.php(832): App\Controllers\Pages->add_article()
#5 C:\Users\kamar\code\retirement-articles\cms\pension-cms\vendor\codeigniter4\framework\system\CodeIgniter.php(419): CodeIgniter\CodeIgniter->runController(Object(App\Controllers\Pages))
#6 C:\Users\kamar\code\retirement-articles\cms\pension-cms\vendor\codeigniter4\framework\system\CodeIgniter.php(326): CodeIgniter\CodeIgniter->handleRequest(NULL, Object(Config\Cache), false)
#7 C:\Users\kamar\code\retirement-articles\cms\pension-cms\public\index.php(37): CodeIgniter\CodeIgniter->run()
#8 C:\Users\kamar\code\retirement-articles\cms\pension-cms\vendor\codeigniter4\framework\system\Commands\Server\rewrite.php(43): require_once('C:\\Users\\kamar\\...')
#9 {main}
ERROR - 2022-08-03 23:10:20 --> You have an error in your SQL syntax; check the manual that corresponds to your MariaDB server version for the right syntax to use near 'desc from t_category' at line 1
CRITICAL - 2022-08-03 23:10:20 --> You have an error in your SQL syntax; check the manual that corresponds to your MariaDB server version for the right syntax to use near 'desc from t_category' at line 1
#0 C:\Users\kamar\code\retirement-articles\cms\pension-cms\vendor\codeigniter4\framework\system\Database\MySQLi\Connection.php(292): mysqli->query('select i_id as ...', 0)
#1 C:\Users\kamar\code\retirement-articles\cms\pension-cms\vendor\codeigniter4\framework\system\Database\BaseConnection.php(670): CodeIgniter\Database\MySQLi\Connection->execute('select i_id as ...')
#2 C:\Users\kamar\code\retirement-articles\cms\pension-cms\vendor\codeigniter4\framework\system\Database\BaseConnection.php(598): CodeIgniter\Database\BaseConnection->simpleQuery('select i_id as ...')
#3 C:\Users\kamar\code\retirement-articles\cms\pension-cms\app\Controllers\Pages.php(83): CodeIgniter\Database\BaseConnection->query('select i_id as ...')
#4 C:\Users\kamar\code\retirement-articles\cms\pension-cms\vendor\codeigniter4\framework\system\CodeIgniter.php(832): App\Controllers\Pages->add_article()
#5 C:\Users\kamar\code\retirement-articles\cms\pension-cms\vendor\codeigniter4\framework\system\CodeIgniter.php(419): CodeIgniter\CodeIgniter->runController(Object(App\Controllers\Pages))
#6 C:\Users\kamar\code\retirement-articles\cms\pension-cms\vendor\codeigniter4\framework\system\CodeIgniter.php(326): CodeIgniter\CodeIgniter->handleRequest(NULL, Object(Config\Cache), false)
#7 C:\Users\kamar\code\retirement-articles\cms\pension-cms\public\index.php(37): CodeIgniter\CodeIgniter->run()
#8 C:\Users\kamar\code\retirement-articles\cms\pension-cms\vendor\codeigniter4\framework\system\Commands\Server\rewrite.php(43): require_once('C:\\Users\\kamar\\...')
#9 {main}
CRITICAL - 2022-08-03 23:10:33 --> Undefined variable $datarow
#0 C:\Users\kamar\code\retirement-articles\cms\pension-cms\app\Views\contents\articles\add-article.php(143): CodeIgniter\Debug\Exceptions->errorHandler(2, 'Undefined varia...', 'C:\\Users\\kamar\\...', 143)
#1 C:\Users\kamar\code\retirement-articles\cms\pension-cms\vendor\codeigniter4\framework\system\View\View.php(210): include('C:\\Users\\kamar\\...')
#2 C:\Users\kamar\code\retirement-articles\cms\pension-cms\vendor\codeigniter4\framework\system\View\View.php(213): CodeIgniter\View\View->CodeIgniter\View\{closure}()
#3 C:\Users\kamar\code\retirement-articles\cms\pension-cms\vendor\codeigniter4\framework\system\View\View.php(424): CodeIgniter\View\View->render('contents/articl...', NULL, true)
#4 C:\Users\kamar\code\retirement-articles\cms\pension-cms\app\Views\pages\articles\add-article.php(9): CodeIgniter\View\View->include('contents/articl...')
#5 C:\Users\kamar\code\retirement-articles\cms\pension-cms\vendor\codeigniter4\framework\system\View\View.php(210): include('C:\\Users\\kamar\\...')
#6 C:\Users\kamar\code\retirement-articles\cms\pension-cms\vendor\codeigniter4\framework\system\View\View.php(213): CodeIgniter\View\View->CodeIgniter\View\{closure}()
#7 C:\Users\kamar\code\retirement-articles\cms\pension-cms\vendor\codeigniter4\framework\system\Common.php(1089): CodeIgniter\View\View->render('pages/articles/...', Array, true)
#8 C:\Users\kamar\code\retirement-articles\cms\pension-cms\app\Controllers\Pages.php(91): view('pages/articles/...', Array)
#9 C:\Users\kamar\code\retirement-articles\cms\pension-cms\vendor\codeigniter4\framework\system\CodeIgniter.php(832): App\Controllers\Pages->add_article()
#10 C:\Users\kamar\code\retirement-articles\cms\pension-cms\vendor\codeigniter4\framework\system\CodeIgniter.php(419): CodeIgniter\CodeIgniter->runController(Object(App\Controllers\Pages))
#11 C:\Users\kamar\code\retirement-articles\cms\pension-cms\vendor\codeigniter4\framework\system\CodeIgniter.php(326): CodeIgniter\CodeIgniter->handleRequest(NULL, Object(Config\Cache), false)
#12 C:\Users\kamar\code\retirement-articles\cms\pension-cms\public\index.php(37): CodeIgniter\CodeIgniter->run()
#13 C:\Users\kamar\code\retirement-articles\cms\pension-cms\vendor\codeigniter4\framework\system\Commands\Server\rewrite.php(43): require_once('C:\\Users\\kamar\\...')
#14 {main}
CRITICAL - 2022-08-03 23:10:58 --> Cannot use object of type stdClass as array
#0 C:\Users\kamar\code\retirement-articles\cms\pension-cms\vendor\codeigniter4\framework\system\View\View.php(210): include()
#1 C:\Users\kamar\code\retirement-articles\cms\pension-cms\vendor\codeigniter4\framework\system\View\View.php(213): CodeIgniter\View\View->CodeIgniter\View\{closure}()
#2 C:\Users\kamar\code\retirement-articles\cms\pension-cms\vendor\codeigniter4\framework\system\View\View.php(424): CodeIgniter\View\View->render('contents/articl...', NULL, true)
#3 C:\Users\kamar\code\retirement-articles\cms\pension-cms\app\Views\pages\articles\add-article.php(9): CodeIgniter\View\View->include('contents/articl...')
#4 C:\Users\kamar\code\retirement-articles\cms\pension-cms\vendor\codeigniter4\framework\system\View\View.php(210): include('C:\\Users\\kamar\\...')
#5 C:\Users\kamar\code\retirement-articles\cms\pension-cms\vendor\codeigniter4\framework\system\View\View.php(213): CodeIgniter\View\View->CodeIgniter\View\{closure}()
#6 C:\Users\kamar\code\retirement-articles\cms\pension-cms\vendor\codeigniter4\framework\system\Common.php(1089): CodeIgniter\View\View->render('pages/articles/...', Array, true)
#7 C:\Users\kamar\code\retirement-articles\cms\pension-cms\app\Controllers\Pages.php(91): view('pages/articles/...', Array)
#8 C:\Users\kamar\code\retirement-articles\cms\pension-cms\vendor\codeigniter4\framework\system\CodeIgniter.php(832): App\Controllers\Pages->add_article()
#9 C:\Users\kamar\code\retirement-articles\cms\pension-cms\vendor\codeigniter4\framework\system\CodeIgniter.php(419): CodeIgniter\CodeIgniter->runController(Object(App\Controllers\Pages))
#10 C:\Users\kamar\code\retirement-articles\cms\pension-cms\vendor\codeigniter4\framework\system\CodeIgniter.php(326): CodeIgniter\CodeIgniter->handleRequest(NULL, Object(Config\Cache), false)
#11 C:\Users\kamar\code\retirement-articles\cms\pension-cms\public\index.php(37): CodeIgniter\CodeIgniter->run()
#12 C:\Users\kamar\code\retirement-articles\cms\pension-cms\vendor\codeigniter4\framework\system\Commands\Server\rewrite.php(43): require_once('C:\\Users\\kamar\\...')
#13 {main}
CRITICAL - 2022-08-03 23:11:15 --> Undefined array key "desc"
#0 C:\Users\kamar\code\retirement-articles\cms\pension-cms\app\Views\contents\articles\add-article.php(144): CodeIgniter\Debug\Exceptions->errorHandler(2, 'Undefined array...', 'C:\\Users\\kamar\\...', 144)
#1 C:\Users\kamar\code\retirement-articles\cms\pension-cms\vendor\codeigniter4\framework\system\View\View.php(210): include('C:\\Users\\kamar\\...')
#2 C:\Users\kamar\code\retirement-articles\cms\pension-cms\vendor\codeigniter4\framework\system\View\View.php(213): CodeIgniter\View\View->CodeIgniter\View\{closure}()
#3 C:\Users\kamar\code\retirement-articles\cms\pension-cms\vendor\codeigniter4\framework\system\View\View.php(424): CodeIgniter\View\View->render('contents/articl...', NULL, true)
#4 C:\Users\kamar\code\retirement-articles\cms\pension-cms\app\Views\pages\articles\add-article.php(9): CodeIgniter\View\View->include('contents/articl...')
#5 C:\Users\kamar\code\retirement-articles\cms\pension-cms\vendor\codeigniter4\framework\system\View\View.php(210): include('C:\\Users\\kamar\\...')
#6 C:\Users\kamar\code\retirement-articles\cms\pension-cms\vendor\codeigniter4\framework\system\View\View.php(213): CodeIgniter\View\View->CodeIgniter\View\{closure}()
#7 C:\Users\kamar\code\retirement-articles\cms\pension-cms\vendor\codeigniter4\framework\system\Common.php(1089): CodeIgniter\View\View->render('pages/articles/...', Array, true)
#8 C:\Users\kamar\code\retirement-articles\cms\pension-cms\app\Controllers\Pages.php(91): view('pages/articles/...', Array)
#9 C:\Users\kamar\code\retirement-articles\cms\pension-cms\vendor\codeigniter4\framework\system\CodeIgniter.php(832): App\Controllers\Pages->add_article()
#10 C:\Users\kamar\code\retirement-articles\cms\pension-cms\vendor\codeigniter4\framework\system\CodeIgniter.php(419): CodeIgniter\CodeIgniter->runController(Object(App\Controllers\Pages))
#11 C:\Users\kamar\code\retirement-articles\cms\pension-cms\vendor\codeigniter4\framework\system\CodeIgniter.php(326): CodeIgniter\CodeIgniter->handleRequest(NULL, Object(Config\Cache), false)
#12 C:\Users\kamar\code\retirement-articles\cms\pension-cms\public\index.php(37): CodeIgniter\CodeIgniter->run()
#13 C:\Users\kamar\code\retirement-articles\cms\pension-cms\vendor\codeigniter4\framework\system\Commands\Server\rewrite.php(43): require_once('C:\\Users\\kamar\\...')
#14 {main}
ERROR - 2022-08-03 23:11:37 --> You have an error in your SQL syntax; check the manual that corresponds to your MariaDB server version for the right syntax to use near 'desc from t_category' at line 1
CRITICAL - 2022-08-03 23:11:37 --> You have an error in your SQL syntax; check the manual that corresponds to your MariaDB server version for the right syntax to use near 'desc from t_category' at line 1
#0 C:\Users\kamar\code\retirement-articles\cms\pension-cms\vendor\codeigniter4\framework\system\Database\MySQLi\Connection.php(292): mysqli->query('select i_id as ...', 0)
#1 C:\Users\kamar\code\retirement-articles\cms\pension-cms\vendor\codeigniter4\framework\system\Database\BaseConnection.php(670): CodeIgniter\Database\MySQLi\Connection->execute('select i_id as ...')
#2 C:\Users\kamar\code\retirement-articles\cms\pension-cms\vendor\codeigniter4\framework\system\Database\BaseConnection.php(598): CodeIgniter\Database\BaseConnection->simpleQuery('select i_id as ...')
#3 C:\Users\kamar\code\retirement-articles\cms\pension-cms\app\Controllers\Pages.php(83): CodeIgniter\Database\BaseConnection->query('select i_id as ...')
#4 C:\Users\kamar\code\retirement-articles\cms\pension-cms\vendor\codeigniter4\framework\system\CodeIgniter.php(832): App\Controllers\Pages->add_article()
#5 C:\Users\kamar\code\retirement-articles\cms\pension-cms\vendor\codeigniter4\framework\system\CodeIgniter.php(419): CodeIgniter\CodeIgniter->runController(Object(App\Controllers\Pages))
#6 C:\Users\kamar\code\retirement-articles\cms\pension-cms\vendor\codeigniter4\framework\system\CodeIgniter.php(326): CodeIgniter\CodeIgniter->handleRequest(NULL, Object(Config\Cache), false)
#7 C:\Users\kamar\code\retirement-articles\cms\pension-cms\public\index.php(37): CodeIgniter\CodeIgniter->run()
#8 C:\Users\kamar\code\retirement-articles\cms\pension-cms\vendor\codeigniter4\framework\system\Commands\Server\rewrite.php(43): require_once('C:\\Users\\kamar\\...')
#9 {main}
ERROR - 2022-08-03 23:15:51 --> You have an error in your SQL syntax; check the manual that corresponds to your MariaDB server version for the right syntax to use near 'desc from t_category where c_active = 1' at line 1
CRITICAL - 2022-08-03 23:15:51 --> You have an error in your SQL syntax; check the manual that corresponds to your MariaDB server version for the right syntax to use near 'desc from t_category where c_active = 1' at line 1
#0 C:\Users\kamar\code\retirement-articles\cms\pension-cms\vendor\codeigniter4\framework\system\Database\MySQLi\Connection.php(292): mysqli->query('select i_id as ...', 0)
#1 C:\Users\kamar\code\retirement-articles\cms\pension-cms\vendor\codeigniter4\framework\system\Database\BaseConnection.php(670): CodeIgniter\Database\MySQLi\Connection->execute('select i_id as ...')
#2 C:\Users\kamar\code\retirement-articles\cms\pension-cms\vendor\codeigniter4\framework\system\Database\BaseConnection.php(598): CodeIgniter\Database\BaseConnection->simpleQuery('select i_id as ...')
#3 C:\Users\kamar\code\retirement-articles\cms\pension-cms\app\Controllers\Pages.php(84): CodeIgniter\Database\BaseConnection->query('select i_id as ...', 1)
#4 C:\Users\kamar\code\retirement-articles\cms\pension-cms\vendor\codeigniter4\framework\system\CodeIgniter.php(832): App\Controllers\Pages->add_article()
#5 C:\Users\kamar\code\retirement-articles\cms\pension-cms\vendor\codeigniter4\framework\system\CodeIgniter.php(419): CodeIgniter\CodeIgniter->runController(Object(App\Controllers\Pages))
#6 C:\Users\kamar\code\retirement-articles\cms\pension-cms\vendor\codeigniter4\framework\system\CodeIgniter.php(326): CodeIgniter\CodeIgniter->handleRequest(NULL, Object(Config\Cache), false)
#7 C:\Users\kamar\code\retirement-articles\cms\pension-cms\public\index.php(37): CodeIgniter\CodeIgniter->run()
#8 C:\Users\kamar\code\retirement-articles\cms\pension-cms\vendor\codeigniter4\framework\system\Commands\Server\rewrite.php(43): require_once('C:\\Users\\kamar\\...')
#9 {main}
CRITICAL - 2022-08-03 23:17:54 --> Undefined array key "id"
#0 C:\Users\kamar\code\retirement-articles\cms\pension-cms\app\Views\contents\articles\add-article.php(144): CodeIgniter\Debug\Exceptions->errorHandler(2, 'Undefined array...', 'C:\\Users\\kamar\\...', 144)
#1 C:\Users\kamar\code\retirement-articles\cms\pension-cms\vendor\codeigniter4\framework\system\View\View.php(210): include('C:\\Users\\kamar\\...')
#2 C:\Users\kamar\code\retirement-articles\cms\pension-cms\vendor\codeigniter4\framework\system\View\View.php(213): CodeIgniter\View\View->CodeIgniter\View\{closure}()
#3 C:\Users\kamar\code\retirement-articles\cms\pension-cms\vendor\codeigniter4\framework\system\View\View.php(424): CodeIgniter\View\View->render('contents/articl...', NULL, true)
#4 C:\Users\kamar\code\retirement-articles\cms\pension-cms\app\Views\pages\articles\add-article.php(9): CodeIgniter\View\View->include('contents/articl...')
#5 C:\Users\kamar\code\retirement-articles\cms\pension-cms\vendor\codeigniter4\framework\system\View\View.php(210): include('C:\\Users\\kamar\\...')
#6 C:\Users\kamar\code\retirement-articles\cms\pension-cms\vendor\codeigniter4\framework\system\View\View.php(213): CodeIgniter\View\View->CodeIgniter\View\{closure}()
#7 C:\Users\kamar\code\retirement-articles\cms\pension-cms\vendor\codeigniter4\framework\system\Common.php(1089): CodeIgniter\View\View->render('pages/articles/...', Array, true)
#8 C:\Users\kamar\code\retirement-articles\cms\pension-cms\app\Controllers\Pages.php(92): view('pages/articles/...', Array)
#9 C:\Users\kamar\code\retirement-articles\cms\pension-cms\vendor\codeigniter4\framework\system\CodeIgniter.php(832): App\Controllers\Pages->add_article()
#10 C:\Users\kamar\code\retirement-articles\cms\pension-cms\vendor\codeigniter4\framework\system\CodeIgniter.php(419): CodeIgniter\CodeIgniter->runController(Object(App\Controllers\Pages))
#11 C:\Users\kamar\code\retirement-articles\cms\pension-cms\vendor\codeigniter4\framework\system\CodeIgniter.php(326): CodeIgniter\CodeIgniter->handleRequest(NULL, Object(Config\Cache), false)
#12 C:\Users\kamar\code\retirement-articles\cms\pension-cms\public\index.php(37): CodeIgniter\CodeIgniter->run()
#13 C:\Users\kamar\code\retirement-articles\cms\pension-cms\vendor\codeigniter4\framework\system\Commands\Server\rewrite.php(43): require_once('C:\\Users\\kamar\\...')
#14 {main}
CRITICAL - 2022-08-03 23:25:59 --> Undefined variable $data
#0 C:\Users\kamar\code\retirement-articles\cms\pension-cms\app\Views\components\category-list.php(66): CodeIgniter\Debug\Exceptions->errorHandler(2, 'Undefined varia...', 'C:\\Users\\kamar\\...', 66)
#1 C:\Users\kamar\code\retirement-articles\cms\pension-cms\vendor\codeigniter4\framework\system\View\View.php(210): include('C:\\Users\\kamar\\...')
#2 C:\Users\kamar\code\retirement-articles\cms\pension-cms\vendor\codeigniter4\framework\system\View\View.php(213): CodeIgniter\View\View->CodeIgniter\View\{closure}()
#3 C:\Users\kamar\code\retirement-articles\cms\pension-cms\vendor\codeigniter4\framework\system\View\View.php(424): CodeIgniter\View\View->render('components/cate...', NULL, true)
#4 C:\Users\kamar\code\retirement-articles\cms\pension-cms\app\Views\contents\categories\categories.php(56): CodeIgniter\View\View->include('components/cate...')
#5 C:\Users\kamar\code\retirement-articles\cms\pension-cms\vendor\codeigniter4\framework\system\View\View.php(210): include('C:\\Users\\kamar\\...')
#6 C:\Users\kamar\code\retirement-articles\cms\pension-cms\vendor\codeigniter4\framework\system\View\View.php(213): CodeIgniter\View\View->CodeIgniter\View\{closure}()
#7 C:\Users\kamar\code\retirement-articles\cms\pension-cms\vendor\codeigniter4\framework\system\View\View.php(424): CodeIgniter\View\View->render('contents/catego...', NULL, true)
#8 C:\Users\kamar\code\retirement-articles\cms\pension-cms\app\Views\pages\categories\categories.php(9): CodeIgniter\View\View->include('contents/catego...')
#9 C:\Users\kamar\code\retirement-articles\cms\pension-cms\vendor\codeigniter4\framework\system\View\View.php(210): include('C:\\Users\\kamar\\...')
#10 C:\Users\kamar\code\retirement-articles\cms\pension-cms\vendor\codeigniter4\framework\system\View\View.php(213): CodeIgniter\View\View->CodeIgniter\View\{closure}()
#11 C:\Users\kamar\code\retirement-articles\cms\pension-cms\vendor\codeigniter4\framework\system\Common.php(1089): CodeIgniter\View\View->render('pages/categorie...', Array, true)
#12 C:\Users\kamar\code\retirement-articles\cms\pension-cms\app\Controllers\Pages.php(42): view('pages/categorie...', Array)
#13 C:\Users\kamar\code\retirement-articles\cms\pension-cms\vendor\codeigniter4\framework\system\CodeIgniter.php(832): App\Controllers\Pages->categories()
#14 C:\Users\kamar\code\retirement-articles\cms\pension-cms\vendor\codeigniter4\framework\system\CodeIgniter.php(419): CodeIgniter\CodeIgniter->runController(Object(App\Controllers\Pages))
#15 C:\Users\kamar\code\retirement-articles\cms\pension-cms\vendor\codeigniter4\framework\system\CodeIgniter.php(326): CodeIgniter\CodeIgniter->handleRequest(NULL, Object(Config\Cache), false)
#16 C:\Users\kamar\code\retirement-articles\cms\pension-cms\public\index.php(37): CodeIgniter\CodeIgniter->run()
#17 C:\Users\kamar\code\retirement-articles\cms\pension-cms\vendor\codeigniter4\framework\system\Commands\Server\rewrite.php(43): require_once('C:\\Users\\kamar\\...')
#18 {main}
CRITICAL - 2022-08-03 23:26:29 --> Undefined variable $i
#0 C:\Users\kamar\code\retirement-articles\cms\pension-cms\app\Views\components\category-list.php(69): CodeIgniter\Debug\Exceptions->errorHandler(2, 'Undefined varia...', 'C:\\Users\\kamar\\...', 69)
#1 C:\Users\kamar\code\retirement-articles\cms\pension-cms\vendor\codeigniter4\framework\system\View\View.php(210): include('C:\\Users\\kamar\\...')
#2 C:\Users\kamar\code\retirement-articles\cms\pension-cms\vendor\codeigniter4\framework\system\View\View.php(213): CodeIgniter\View\View->CodeIgniter\View\{closure}()
#3 C:\Users\kamar\code\retirement-articles\cms\pension-cms\vendor\codeigniter4\framework\system\View\View.php(424): CodeIgniter\View\View->render('components/cate...', NULL, true)
#4 C:\Users\kamar\code\retirement-articles\cms\pension-cms\app\Views\contents\categories\categories.php(56): CodeIgniter\View\View->include('components/cate...')
#5 C:\Users\kamar\code\retirement-articles\cms\pension-cms\vendor\codeigniter4\framework\system\View\View.php(210): include('C:\\Users\\kamar\\...')
#6 C:\Users\kamar\code\retirement-articles\cms\pension-cms\vendor\codeigniter4\framework\system\View\View.php(213): CodeIgniter\View\View->CodeIgniter\View\{closure}()
#7 C:\Users\kamar\code\retirement-articles\cms\pension-cms\vendor\codeigniter4\framework\system\View\View.php(424): CodeIgniter\View\View->render('contents/catego...', NULL, true)
#8 C:\Users\kamar\code\retirement-articles\cms\pension-cms\app\Views\pages\categories\categories.php(9): CodeIgniter\View\View->include('contents/catego...')
#9 C:\Users\kamar\code\retirement-articles\cms\pension-cms\vendor\codeigniter4\framework\system\View\View.php(210): include('C:\\Users\\kamar\\...')
#10 C:\Users\kamar\code\retirement-articles\cms\pension-cms\vendor\codeigniter4\framework\system\View\View.php(213): CodeIgniter\View\View->CodeIgniter\View\{closure}()
#11 C:\Users\kamar\code\retirement-articles\cms\pension-cms\vendor\codeigniter4\framework\system\Common.php(1089): CodeIgniter\View\View->render('pages/categorie...', Array, true)
#12 C:\Users\kamar\code\retirement-articles\cms\pension-cms\app\Controllers\Pages.php(44): view('pages/categorie...', Array)
#13 C:\Users\kamar\code\retirement-articles\cms\pension-cms\vendor\codeigniter4\framework\system\CodeIgniter.php(832): App\Controllers\Pages->categories()
#14 C:\Users\kamar\code\retirement-articles\cms\pension-cms\vendor\codeigniter4\framework\system\CodeIgniter.php(419): CodeIgniter\CodeIgniter->runController(Object(App\Controllers\Pages))
#15 C:\Users\kamar\code\retirement-articles\cms\pension-cms\vendor\codeigniter4\framework\system\CodeIgniter.php(326): CodeIgniter\CodeIgniter->handleRequest(NULL, Object(Config\Cache), false)
#16 C:\Users\kamar\code\retirement-articles\cms\pension-cms\public\index.php(37): CodeIgniter\CodeIgniter->run()
#17 C:\Users\kamar\code\retirement-articles\cms\pension-cms\vendor\codeigniter4\framework\system\Commands\Server\rewrite.php(43): require_once('C:\\Users\\kamar\\...')
#18 {main}
CRITICAL - 2022-08-03 23:27:10 --> Undefined variable $i
#0 C:\Users\kamar\code\retirement-articles\cms\pension-cms\app\Views\components\category-list.php(68): CodeIgniter\Debug\Exceptions->errorHandler(2, 'Undefined varia...', 'C:\\Users\\kamar\\...', 68)
#1 C:\Users\kamar\code\retirement-articles\cms\pension-cms\vendor\codeigniter4\framework\system\View\View.php(210): include('C:\\Users\\kamar\\...')
#2 C:\Users\kamar\code\retirement-articles\cms\pension-cms\vendor\codeigniter4\framework\system\View\View.php(213): CodeIgniter\View\View->CodeIgniter\View\{closure}()
#3 C:\Users\kamar\code\retirement-articles\cms\pension-cms\vendor\codeigniter4\framework\system\View\View.php(424): CodeIgniter\View\View->render('components/cate...', NULL, true)
#4 C:\Users\kamar\code\retirement-articles\cms\pension-cms\app\Views\contents\categories\categories.php(56): CodeIgniter\View\View->include('components/cate...')
#5 C:\Users\kamar\code\retirement-articles\cms\pension-cms\vendor\codeigniter4\framework\system\View\View.php(210): include('C:\\Users\\kamar\\...')
#6 C:\Users\kamar\code\retirement-articles\cms\pension-cms\vendor\codeigniter4\framework\system\View\View.php(213): CodeIgniter\View\View->CodeIgniter\View\{closure}()
#7 C:\Users\kamar\code\retirement-articles\cms\pension-cms\vendor\codeigniter4\framework\system\View\View.php(424): CodeIgniter\View\View->render('contents/catego...', NULL, true)
#8 C:\Users\kamar\code\retirement-articles\cms\pension-cms\app\Views\pages\categories\categories.php(9): CodeIgniter\View\View->include('contents/catego...')
#9 C:\Users\kamar\code\retirement-articles\cms\pension-cms\vendor\codeigniter4\framework\system\View\View.php(210): include('C:\\Users\\kamar\\...')
#10 C:\Users\kamar\code\retirement-articles\cms\pension-cms\vendor\codeigniter4\framework\system\View\View.php(213): CodeIgniter\View\View->CodeIgniter\View\{closure}()
#11 C:\Users\kamar\code\retirement-articles\cms\pension-cms\vendor\codeigniter4\framework\system\Common.php(1089): CodeIgniter\View\View->render('pages/categorie...', Array, true)
#12 C:\Users\kamar\code\retirement-articles\cms\pension-cms\app\Controllers\Pages.php(44): view('pages/categorie...', Array)
#13 C:\Users\kamar\code\retirement-articles\cms\pension-cms\vendor\codeigniter4\framework\system\CodeIgniter.php(832): App\Controllers\Pages->categories()
#14 C:\Users\kamar\code\retirement-articles\cms\pension-cms\vendor\codeigniter4\framework\system\CodeIgniter.php(419): CodeIgniter\CodeIgniter->runController(Object(App\Controllers\Pages))
#15 C:\Users\kamar\code\retirement-articles\cms\pension-cms\vendor\codeigniter4\framework\system\CodeIgniter.php(326): CodeIgniter\CodeIgniter->handleRequest(NULL, Object(Config\Cache), false)
#16 C:\Users\kamar\code\retirement-articles\cms\pension-cms\public\index.php(37): CodeIgniter\CodeIgniter->run()
#17 C:\Users\kamar\code\retirement-articles\cms\pension-cms\vendor\codeigniter4\framework\system\Commands\Server\rewrite.php(43): require_once('C:\\Users\\kamar\\...')
#18 {main}
=======
CRITICAL - 2022-08-03 18:16:24 --> Call to undefined method CodeIgniter\View\View::endExtend()
#0 C:\Users\ASUS TUF\Desktop\web pensiun\cms\dpension_admin\vendor\codeigniter4\framework\system\View\View.php(210): include()
#1 C:\Users\ASUS TUF\Desktop\web pensiun\cms\dpension_admin\vendor\codeigniter4\framework\system\View\View.php(213): CodeIgniter\View\View->CodeIgniter\View\{closure}()
#2 C:\Users\ASUS TUF\Desktop\web pensiun\cms\dpension_admin\vendor\codeigniter4\framework\system\View\View.php(424): CodeIgniter\View\View->render('contents/articl...', NULL, true)
#3 C:\Users\ASUS TUF\Desktop\web pensiun\cms\dpension_admin\app\Views\pages\articles\articles.php(9): CodeIgniter\View\View->include('contents/articl...')
#4 C:\Users\ASUS TUF\Desktop\web pensiun\cms\dpension_admin\vendor\codeigniter4\framework\system\View\View.php(210): include('C:\\Users\\ASUS T...')
#5 C:\Users\ASUS TUF\Desktop\web pensiun\cms\dpension_admin\vendor\codeigniter4\framework\system\View\View.php(213): CodeIgniter\View\View->CodeIgniter\View\{closure}()
#6 C:\Users\ASUS TUF\Desktop\web pensiun\cms\dpension_admin\vendor\codeigniter4\framework\system\Common.php(1089): CodeIgniter\View\View->render('pages/articles/...', Array, true)
#7 C:\Users\ASUS TUF\Desktop\web pensiun\cms\dpension_admin\app\Controllers\Pages.php(78): view('pages/articles/...', Array)
#8 C:\Users\ASUS TUF\Desktop\web pensiun\cms\dpension_admin\vendor\codeigniter4\framework\system\CodeIgniter.php(832): App\Controllers\Pages->articles()
#9 C:\Users\ASUS TUF\Desktop\web pensiun\cms\dpension_admin\vendor\codeigniter4\framework\system\CodeIgniter.php(419): CodeIgniter\CodeIgniter->runController(Object(App\Controllers\Pages))
#10 C:\Users\ASUS TUF\Desktop\web pensiun\cms\dpension_admin\vendor\codeigniter4\framework\system\CodeIgniter.php(326): CodeIgniter\CodeIgniter->handleRequest(NULL, Object(Config\Cache), false)
#11 C:\Users\ASUS TUF\Desktop\web pensiun\cms\dpension_admin\public\index.php(37): CodeIgniter\CodeIgniter->run()
#12 C:\Users\ASUS TUF\Desktop\web pensiun\cms\dpension_admin\vendor\codeigniter4\framework\system\Commands\Server\rewrite.php(43): require_once('C:\\Users\\ASUS T...')
#13 {main}
>>>>>>> 3db66a8bbf76c23f8d436b36f0d6647bed2de035
