CRITICAL - 2022-08-20 13:28:15 --> Undefined array key "profile"
#0 C:\Users\kamar\code\retirement-articles\cms-new\pension-cms\app\Controllers\Pages.php(140): CodeIgniter\Debug\Exceptions->errorHandler(2, 'Undefined array...', 'C:\\Users\\kamar\\...', 140)
#1 C:\Users\kamar\code\retirement-articles\cms-new\pension-cms\vendor\codeigniter4\framework\system\CodeIgniter.php(832): App\Controllers\Pages->profile()
#2 C:\Users\kamar\code\retirement-articles\cms-new\pension-cms\vendor\codeigniter4\framework\system\CodeIgniter.php(419): CodeIgniter\CodeIgniter->runController(Object(App\Controllers\Pages))
#3 C:\Users\kamar\code\retirement-articles\cms-new\pension-cms\vendor\codeigniter4\framework\system\CodeIgniter.php(326): CodeIgniter\CodeIgniter->handleRequest(NULL, Object(Config\Cache), false)
#4 C:\Users\kamar\code\retirement-articles\cms-new\pension-cms\public\index.php(37): CodeIgniter\CodeIgniter->run()
#5 C:\Users\kamar\code\retirement-articles\cms-new\pension-cms\vendor\codeigniter4\framework\system\Commands\Server\rewrite.php(43): require_once('C:\\Users\\kamar\\...')
#6 {main}
CRITICAL - 2022-08-20 13:29:10 --> Undefined variable $article
#0 C:\Users\kamar\code\retirement-articles\cms-new\pension-cms\app\Views\contents\profile\profile-detail.php(23): CodeIgniter\Debug\Exceptions->errorHandler(2, 'Undefined varia...', 'C:\\Users\\kamar\\...', 23)
#1 C:\Users\kamar\code\retirement-articles\cms-new\pension-cms\vendor\codeigniter4\framework\system\View\View.php(210): include('C:\\Users\\kamar\\...')
#2 C:\Users\kamar\code\retirement-articles\cms-new\pension-cms\vendor\codeigniter4\framework\system\View\View.php(213): CodeIgniter\View\View->CodeIgniter\View\{closure}()
#3 C:\Users\kamar\code\retirement-articles\cms-new\pension-cms\vendor\codeigniter4\framework\system\View\View.php(424): CodeIgniter\View\View->render('contents/profil...', NULL, true)
#4 C:\Users\kamar\code\retirement-articles\cms-new\pension-cms\app\Views\pages\profile\profile-detail.php(9): CodeIgniter\View\View->include('contents/profil...')
#5 C:\Users\kamar\code\retirement-articles\cms-new\pension-cms\vendor\codeigniter4\framework\system\View\View.php(210): include('C:\\Users\\kamar\\...')
#6 C:\Users\kamar\code\retirement-articles\cms-new\pension-cms\vendor\codeigniter4\framework\system\View\View.php(213): CodeIgniter\View\View->CodeIgniter\View\{closure}()
#7 C:\Users\kamar\code\retirement-articles\cms-new\pension-cms\vendor\codeigniter4\framework\system\Common.php(1089): CodeIgniter\View\View->render('pages/profile/p...', Array, true)
#8 C:\Users\kamar\code\retirement-articles\cms-new\pension-cms\app\Controllers\Pages.php(141): view('pages/profile/p...', Array)
#9 C:\Users\kamar\code\retirement-articles\cms-new\pension-cms\vendor\codeigniter4\framework\system\CodeIgniter.php(832): App\Controllers\Pages->profile()
#10 C:\Users\kamar\code\retirement-articles\cms-new\pension-cms\vendor\codeigniter4\framework\system\CodeIgniter.php(419): CodeIgniter\CodeIgniter->runController(Object(App\Controllers\Pages))
#11 C:\Users\kamar\code\retirement-articles\cms-new\pension-cms\vendor\codeigniter4\framework\system\CodeIgniter.php(326): CodeIgniter\CodeIgniter->handleRequest(NULL, Object(Config\Cache), false)
#12 C:\Users\kamar\code\retirement-articles\cms-new\pension-cms\public\index.php(37): CodeIgniter\CodeIgniter->run()
#13 C:\Users\kamar\code\retirement-articles\cms-new\pension-cms\vendor\codeigniter4\framework\system\Commands\Server\rewrite.php(43): require_once('C:\\Users\\kamar\\...')
#14 {main}
CRITICAL - 2022-08-20 13:29:39 --> Undefined variable $category
#0 C:\Users\kamar\code\retirement-articles\cms-new\pension-cms\app\Views\contents\profile\profile-detail.php(105): CodeIgniter\Debug\Exceptions->errorHandler(2, 'Undefined varia...', 'C:\\Users\\kamar\\...', 105)
#1 C:\Users\kamar\code\retirement-articles\cms-new\pension-cms\vendor\codeigniter4\framework\system\View\View.php(210): include('C:\\Users\\kamar\\...')
#2 C:\Users\kamar\code\retirement-articles\cms-new\pension-cms\vendor\codeigniter4\framework\system\View\View.php(213): CodeIgniter\View\View->CodeIgniter\View\{closure}()
#3 C:\Users\kamar\code\retirement-articles\cms-new\pension-cms\vendor\codeigniter4\framework\system\View\View.php(424): CodeIgniter\View\View->render('contents/profil...', NULL, true)
#4 C:\Users\kamar\code\retirement-articles\cms-new\pension-cms\app\Views\pages\profile\profile-detail.php(9): CodeIgniter\View\View->include('contents/profil...')
#5 C:\Users\kamar\code\retirement-articles\cms-new\pension-cms\vendor\codeigniter4\framework\system\View\View.php(210): include('C:\\Users\\kamar\\...')
#6 C:\Users\kamar\code\retirement-articles\cms-new\pension-cms\vendor\codeigniter4\framework\system\View\View.php(213): CodeIgniter\View\View->CodeIgniter\View\{closure}()
#7 C:\Users\kamar\code\retirement-articles\cms-new\pension-cms\vendor\codeigniter4\framework\system\Common.php(1089): CodeIgniter\View\View->render('pages/profile/p...', Array, true)
#8 C:\Users\kamar\code\retirement-articles\cms-new\pension-cms\app\Controllers\Pages.php(141): view('pages/profile/p...', Array)
#9 C:\Users\kamar\code\retirement-articles\cms-new\pension-cms\vendor\codeigniter4\framework\system\CodeIgniter.php(832): App\Controllers\Pages->profile()
#10 C:\Users\kamar\code\retirement-articles\cms-new\pension-cms\vendor\codeigniter4\framework\system\CodeIgniter.php(419): CodeIgniter\CodeIgniter->runController(Object(App\Controllers\Pages))
#11 C:\Users\kamar\code\retirement-articles\cms-new\pension-cms\vendor\codeigniter4\framework\system\CodeIgniter.php(326): CodeIgniter\CodeIgniter->handleRequest(NULL, Object(Config\Cache), false)
#12 C:\Users\kamar\code\retirement-articles\cms-new\pension-cms\public\index.php(37): CodeIgniter\CodeIgniter->run()
#13 C:\Users\kamar\code\retirement-articles\cms-new\pension-cms\vendor\codeigniter4\framework\system\Commands\Server\rewrite.php(43): require_once('C:\\Users\\kamar\\...')
#14 {main}
CRITICAL - 2022-08-20 21:34:28 --> Undefined variable $userdata
#0 C:\Users\kamar\code\retirement-articles\cms-new\pension-cms\app\Views\contents\profile\profile-detail.php(46): CodeIgniter\Debug\Exceptions->errorHandler(2, 'Undefined varia...', 'C:\\Users\\kamar\\...', 46)
#1 C:\Users\kamar\code\retirement-articles\cms-new\pension-cms\vendor\codeigniter4\framework\system\View\View.php(210): include('C:\\Users\\kamar\\...')
#2 C:\Users\kamar\code\retirement-articles\cms-new\pension-cms\vendor\codeigniter4\framework\system\View\View.php(213): CodeIgniter\View\View->CodeIgniter\View\{closure}()
#3 C:\Users\kamar\code\retirement-articles\cms-new\pension-cms\vendor\codeigniter4\framework\system\View\View.php(424): CodeIgniter\View\View->render('contents/profil...', NULL, true)
#4 C:\Users\kamar\code\retirement-articles\cms-new\pension-cms\app\Views\pages\profile\profile-detail.php(9): CodeIgniter\View\View->include('contents/profil...')
#5 C:\Users\kamar\code\retirement-articles\cms-new\pension-cms\vendor\codeigniter4\framework\system\View\View.php(210): include('C:\\Users\\kamar\\...')
#6 C:\Users\kamar\code\retirement-articles\cms-new\pension-cms\vendor\codeigniter4\framework\system\View\View.php(213): CodeIgniter\View\View->CodeIgniter\View\{closure}()
#7 C:\Users\kamar\code\retirement-articles\cms-new\pension-cms\vendor\codeigniter4\framework\system\Common.php(1089): CodeIgniter\View\View->render('pages/profile/p...', Array, true)
#8 C:\Users\kamar\code\retirement-articles\cms-new\pension-cms\app\Controllers\Pages.php(141): view('pages/profile/p...', Array)
#9 C:\Users\kamar\code\retirement-articles\cms-new\pension-cms\vendor\codeigniter4\framework\system\CodeIgniter.php(832): App\Controllers\Pages->profile()
#10 C:\Users\kamar\code\retirement-articles\cms-new\pension-cms\vendor\codeigniter4\framework\system\CodeIgniter.php(419): CodeIgniter\CodeIgniter->runController(Object(App\Controllers\Pages))
#11 C:\Users\kamar\code\retirement-articles\cms-new\pension-cms\vendor\codeigniter4\framework\system\CodeIgniter.php(326): CodeIgniter\CodeIgniter->handleRequest(NULL, Object(Config\Cache), false)
#12 C:\Users\kamar\code\retirement-articles\cms-new\pension-cms\public\index.php(37): CodeIgniter\CodeIgniter->run()
#13 C:\Users\kamar\code\retirement-articles\cms-new\pension-cms\vendor\codeigniter4\framework\system\Commands\Server\rewrite.php(43): require_once('C:\\Users\\kamar\\...')
#14 {main}
CRITICAL - 2022-08-20 21:34:35 --> Unsupported operand types: string + string
#0 C:\Users\kamar\code\retirement-articles\cms-new\pension-cms\vendor\codeigniter4\framework\system\View\View.php(210): include()
#1 C:\Users\kamar\code\retirement-articles\cms-new\pension-cms\vendor\codeigniter4\framework\system\View\View.php(213): CodeIgniter\View\View->CodeIgniter\View\{closure}()
#2 C:\Users\kamar\code\retirement-articles\cms-new\pension-cms\vendor\codeigniter4\framework\system\View\View.php(424): CodeIgniter\View\View->render('contents/profil...', NULL, true)
#3 C:\Users\kamar\code\retirement-articles\cms-new\pension-cms\app\Views\pages\profile\profile-detail.php(9): CodeIgniter\View\View->include('contents/profil...')
#4 C:\Users\kamar\code\retirement-articles\cms-new\pension-cms\vendor\codeigniter4\framework\system\View\View.php(210): include('C:\\Users\\kamar\\...')
#5 C:\Users\kamar\code\retirement-articles\cms-new\pension-cms\vendor\codeigniter4\framework\system\View\View.php(213): CodeIgniter\View\View->CodeIgniter\View\{closure}()
#6 C:\Users\kamar\code\retirement-articles\cms-new\pension-cms\vendor\codeigniter4\framework\system\Common.php(1089): CodeIgniter\View\View->render('pages/profile/p...', Array, true)
#7 C:\Users\kamar\code\retirement-articles\cms-new\pension-cms\app\Controllers\Pages.php(141): view('pages/profile/p...', Array)
#8 C:\Users\kamar\code\retirement-articles\cms-new\pension-cms\vendor\codeigniter4\framework\system\CodeIgniter.php(832): App\Controllers\Pages->profile()
#9 C:\Users\kamar\code\retirement-articles\cms-new\pension-cms\vendor\codeigniter4\framework\system\CodeIgniter.php(419): CodeIgniter\CodeIgniter->runController(Object(App\Controllers\Pages))
#10 C:\Users\kamar\code\retirement-articles\cms-new\pension-cms\vendor\codeigniter4\framework\system\CodeIgniter.php(326): CodeIgniter\CodeIgniter->handleRequest(NULL, Object(Config\Cache), false)
#11 C:\Users\kamar\code\retirement-articles\cms-new\pension-cms\public\index.php(37): CodeIgniter\CodeIgniter->run()
#12 C:\Users\kamar\code\retirement-articles\cms-new\pension-cms\vendor\codeigniter4\framework\system\Commands\Server\rewrite.php(43): require_once('C:\\Users\\kamar\\...')
#13 {main}
CRITICAL - 2022-08-20 21:48:00 --> Undefined array key "bio"
#0 C:\Users\kamar\code\retirement-articles\cms-new\pension-cms\app\Views\contents\profile\profile-detail.php(188): CodeIgniter\Debug\Exceptions->errorHandler(2, 'Undefined array...', 'C:\\Users\\kamar\\...', 188)
#1 C:\Users\kamar\code\retirement-articles\cms-new\pension-cms\vendor\codeigniter4\framework\system\View\View.php(210): include('C:\\Users\\kamar\\...')
#2 C:\Users\kamar\code\retirement-articles\cms-new\pension-cms\vendor\codeigniter4\framework\system\View\View.php(213): CodeIgniter\View\View->CodeIgniter\View\{closure}()
#3 C:\Users\kamar\code\retirement-articles\cms-new\pension-cms\vendor\codeigniter4\framework\system\View\View.php(424): CodeIgniter\View\View->render('contents/profil...', NULL, true)
#4 C:\Users\kamar\code\retirement-articles\cms-new\pension-cms\app\Views\pages\profile\profile-detail.php(9): CodeIgniter\View\View->include('contents/profil...')
#5 C:\Users\kamar\code\retirement-articles\cms-new\pension-cms\vendor\codeigniter4\framework\system\View\View.php(210): include('C:\\Users\\kamar\\...')
#6 C:\Users\kamar\code\retirement-articles\cms-new\pension-cms\vendor\codeigniter4\framework\system\View\View.php(213): CodeIgniter\View\View->CodeIgniter\View\{closure}()
#7 C:\Users\kamar\code\retirement-articles\cms-new\pension-cms\vendor\codeigniter4\framework\system\Common.php(1089): CodeIgniter\View\View->render('pages/profile/p...', Array, true)
#8 C:\Users\kamar\code\retirement-articles\cms-new\pension-cms\app\Controllers\Pages.php(142): view('pages/profile/p...', Array)
#9 C:\Users\kamar\code\retirement-articles\cms-new\pension-cms\vendor\codeigniter4\framework\system\CodeIgniter.php(832): App\Controllers\Pages->profile()
#10 C:\Users\kamar\code\retirement-articles\cms-new\pension-cms\vendor\codeigniter4\framework\system\CodeIgniter.php(419): CodeIgniter\CodeIgniter->runController(Object(App\Controllers\Pages))
#11 C:\Users\kamar\code\retirement-articles\cms-new\pension-cms\vendor\codeigniter4\framework\system\CodeIgniter.php(326): CodeIgniter\CodeIgniter->handleRequest(NULL, Object(Config\Cache), false)
#12 C:\Users\kamar\code\retirement-articles\cms-new\pension-cms\public\index.php(37): CodeIgniter\CodeIgniter->run()
#13 C:\Users\kamar\code\retirement-articles\cms-new\pension-cms\vendor\codeigniter4\framework\system\Commands\Server\rewrite.php(43): require_once('C:\\Users\\kamar\\...')
#14 {main}
