CRITICAL - 2022-07-07 03:13:41 --> Invalid file: partials/aside.php
#0 C:\Users\ASUS TUF\Desktop\web pensiun\cms\dpension_admin\vendor\codeigniter4\framework\system\View\View.php(198): CodeIgniter\Exceptions\FrameworkException::forInvalidFile('partials/aside....')
#1 C:\Users\ASUS TUF\Desktop\web pensiun\cms\dpension_admin\vendor\codeigniter4\framework\system\View\View.php(424): CodeIgniter\View\View->render('partials/aside', NULL, true)
#2 C:\Users\ASUS TUF\Desktop\web pensiun\cms\dpension_admin\app\Views\components\dashboard.php(3): CodeIgniter\View\View->include('partials/aside')
#3 C:\Users\ASUS TUF\Desktop\web pensiun\cms\dpension_admin\vendor\codeigniter4\framework\system\View\View.php(210): include('C:\\Users\\ASUS T...')
#4 C:\Users\ASUS TUF\Desktop\web pensiun\cms\dpension_admin\vendor\codeigniter4\framework\system\View\View.php(213): CodeIgniter\View\View->CodeIgniter\View\{closure}()
#5 C:\Users\ASUS TUF\Desktop\web pensiun\cms\dpension_admin\vendor\codeigniter4\framework\system\View\View.php(424): CodeIgniter\View\View->render('components/dash...', NULL, true)
#6 C:\Users\ASUS TUF\Desktop\web pensiun\cms\dpension_admin\app\Views\pages\PageDashboard.php(4): CodeIgniter\View\View->include('components/dash...')
#7 C:\Users\ASUS TUF\Desktop\web pensiun\cms\dpension_admin\vendor\codeigniter4\framework\system\View\View.php(210): include('C:\\Users\\ASUS T...')
#8 C:\Users\ASUS TUF\Desktop\web pensiun\cms\dpension_admin\vendor\codeigniter4\framework\system\View\View.php(213): CodeIgniter\View\View->CodeIgniter\View\{closure}()
#9 C:\Users\ASUS TUF\Desktop\web pensiun\cms\dpension_admin\vendor\codeigniter4\framework\system\Common.php(1089): CodeIgniter\View\View->render('pages/PageDashb...', Array, true)
#10 C:\Users\ASUS TUF\Desktop\web pensiun\cms\dpension_admin\app\Controllers\Dashboard.php(14): view('pages/PageDashb...', Array)
#11 C:\Users\ASUS TUF\Desktop\web pensiun\cms\dpension_admin\vendor\codeigniter4\framework\system\CodeIgniter.php(832): App\Controllers\Dashboard->index()
#12 C:\Users\ASUS TUF\Desktop\web pensiun\cms\dpension_admin\vendor\codeigniter4\framework\system\CodeIgniter.php(419): CodeIgniter\CodeIgniter->runController(Object(App\Controllers\Dashboard))
#13 C:\Users\ASUS TUF\Desktop\web pensiun\cms\dpension_admin\vendor\codeigniter4\framework\system\CodeIgniter.php(326): CodeIgniter\CodeIgniter->handleRequest(NULL, Object(Config\Cache), false)
#14 C:\Users\ASUS TUF\Desktop\web pensiun\cms\dpension_admin\public\index.php(37): CodeIgniter\CodeIgniter->run()
#15 C:\Users\ASUS TUF\Desktop\web pensiun\cms\dpension_admin\vendor\codeigniter4\framework\system\Commands\Server\rewrite.php(43): require_once('C:\\Users\\ASUS T...')
#16 {main}
CRITICAL - 2022-07-07 20:46:42 --> Invalid file: components/dashboard.php
#0 C:\Users\ASUS TUF\Desktop\web pensiun\cms\dpension_admin\vendor\codeigniter4\framework\system\View\View.php(198): CodeIgniter\Exceptions\FrameworkException::forInvalidFile('components/dash...')
#1 C:\Users\ASUS TUF\Desktop\web pensiun\cms\dpension_admin\vendor\codeigniter4\framework\system\View\View.php(424): CodeIgniter\View\View->render('components/dash...', NULL, true)
#2 C:\Users\ASUS TUF\Desktop\web pensiun\cms\dpension_admin\app\Views\pages\PageHome.php(4): CodeIgniter\View\View->include('components/dash...')
#3 C:\Users\ASUS TUF\Desktop\web pensiun\cms\dpension_admin\vendor\codeigniter4\framework\system\View\View.php(210): include('C:\\Users\\ASUS T...')
#4 C:\Users\ASUS TUF\Desktop\web pensiun\cms\dpension_admin\vendor\codeigniter4\framework\system\View\View.php(213): CodeIgniter\View\View->CodeIgniter\View\{closure}()
#5 C:\Users\ASUS TUF\Desktop\web pensiun\cms\dpension_admin\vendor\codeigniter4\framework\system\Common.php(1089): CodeIgniter\View\View->render('pages/PageHome', Array, true)
#6 C:\Users\ASUS TUF\Desktop\web pensiun\cms\dpension_admin\app\Controllers\Pages.php(14): view('pages/PageHome', Array)
#7 C:\Users\ASUS TUF\Desktop\web pensiun\cms\dpension_admin\vendor\codeigniter4\framework\system\CodeIgniter.php(832): App\Controllers\Pages->index()
#8 C:\Users\ASUS TUF\Desktop\web pensiun\cms\dpension_admin\vendor\codeigniter4\framework\system\CodeIgniter.php(419): CodeIgniter\CodeIgniter->runController(Object(App\Controllers\Pages))
#9 C:\Users\ASUS TUF\Desktop\web pensiun\cms\dpension_admin\vendor\codeigniter4\framework\system\CodeIgniter.php(326): CodeIgniter\CodeIgniter->handleRequest(NULL, Object(Config\Cache), false)
#10 C:\Users\ASUS TUF\Desktop\web pensiun\cms\dpension_admin\public\index.php(37): CodeIgniter\CodeIgniter->run()
#11 C:\Users\ASUS TUF\Desktop\web pensiun\cms\dpension_admin\vendor\codeigniter4\framework\system\Commands\Server\rewrite.php(43): require_once('C:\\Users\\ASUS T...')
#12 {main}
CRITICAL - 2022-07-07 20:46:43 --> Invalid file: components/dashboard.php
#0 C:\Users\ASUS TUF\Desktop\web pensiun\cms\dpension_admin\vendor\codeigniter4\framework\system\View\View.php(198): CodeIgniter\Exceptions\FrameworkException::forInvalidFile('components/dash...')
#1 C:\Users\ASUS TUF\Desktop\web pensiun\cms\dpension_admin\vendor\codeigniter4\framework\system\View\View.php(424): CodeIgniter\View\View->render('components/dash...', NULL, true)
#2 C:\Users\ASUS TUF\Desktop\web pensiun\cms\dpension_admin\app\Views\pages\PageHome.php(4): CodeIgniter\View\View->include('components/dash...')
#3 C:\Users\ASUS TUF\Desktop\web pensiun\cms\dpension_admin\vendor\codeigniter4\framework\system\View\View.php(210): include('C:\\Users\\ASUS T...')
#4 C:\Users\ASUS TUF\Desktop\web pensiun\cms\dpension_admin\vendor\codeigniter4\framework\system\View\View.php(213): CodeIgniter\View\View->CodeIgniter\View\{closure}()
#5 C:\Users\ASUS TUF\Desktop\web pensiun\cms\dpension_admin\vendor\codeigniter4\framework\system\Common.php(1089): CodeIgniter\View\View->render('pages/PageHome', Array, true)
#6 C:\Users\ASUS TUF\Desktop\web pensiun\cms\dpension_admin\app\Controllers\Pages.php(14): view('pages/PageHome', Array)
#7 C:\Users\ASUS TUF\Desktop\web pensiun\cms\dpension_admin\vendor\codeigniter4\framework\system\CodeIgniter.php(832): App\Controllers\Pages->index()
#8 C:\Users\ASUS TUF\Desktop\web pensiun\cms\dpension_admin\vendor\codeigniter4\framework\system\CodeIgniter.php(419): CodeIgniter\CodeIgniter->runController(Object(App\Controllers\Pages))
#9 C:\Users\ASUS TUF\Desktop\web pensiun\cms\dpension_admin\vendor\codeigniter4\framework\system\CodeIgniter.php(326): CodeIgniter\CodeIgniter->handleRequest(NULL, Object(Config\Cache), false)
#10 C:\Users\ASUS TUF\Desktop\web pensiun\cms\dpension_admin\public\index.php(37): CodeIgniter\CodeIgniter->run()
#11 C:\Users\ASUS TUF\Desktop\web pensiun\cms\dpension_admin\vendor\codeigniter4\framework\system\Commands\Server\rewrite.php(43): require_once('C:\\Users\\ASUS T...')
#12 {main}
