CRITICAL - 2022-07-13 02:07:22 --> Call to undefined method CodeIgniter\View\View::inlude()
#0 C:\Users\ASUS TUF\Desktop\web pensiun\cms\dpension_admin\vendor\codeigniter4\framework\system\View\View.php(210): include()
#1 C:\Users\ASUS TUF\Desktop\web pensiun\cms\dpension_admin\vendor\codeigniter4\framework\system\View\View.php(213): CodeIgniter\View\View->CodeIgniter\View\{closure}()
#2 C:\Users\ASUS TUF\Desktop\web pensiun\cms\dpension_admin\vendor\codeigniter4\framework\system\View\View.php(424): CodeIgniter\View\View->render('contents/apps/e...', NULL, true)
#3 C:\Users\ASUS TUF\Desktop\web pensiun\cms\dpension_admin\app\Views\pages\apps\ecommerce\catalog\add-category.php(8): CodeIgniter\View\View->include('contents/apps/e...')
#4 C:\Users\ASUS TUF\Desktop\web pensiun\cms\dpension_admin\vendor\codeigniter4\framework\system\View\View.php(210): include('C:\\Users\\ASUS T...')
#5 C:\Users\ASUS TUF\Desktop\web pensiun\cms\dpension_admin\vendor\codeigniter4\framework\system\View\View.php(213): CodeIgniter\View\View->CodeIgniter\View\{closure}()
#6 C:\Users\ASUS TUF\Desktop\web pensiun\cms\dpension_admin\vendor\codeigniter4\framework\system\Common.php(1089): CodeIgniter\View\View->render('pages/apps/ecom...', Array, true)
#7 C:\Users\ASUS TUF\Desktop\web pensiun\cms\dpension_admin\app\Controllers\Pages.php(37): view('pages/apps/ecom...', Array)
#8 C:\Users\ASUS TUF\Desktop\web pensiun\cms\dpension_admin\vendor\codeigniter4\framework\system\CodeIgniter.php(832): App\Controllers\Pages->add_category()
#9 C:\Users\ASUS TUF\Desktop\web pensiun\cms\dpension_admin\vendor\codeigniter4\framework\system\CodeIgniter.php(419): CodeIgniter\CodeIgniter->runController(Object(App\Controllers\Pages))
#10 C:\Users\ASUS TUF\Desktop\web pensiun\cms\dpension_admin\vendor\codeigniter4\framework\system\CodeIgniter.php(326): CodeIgniter\CodeIgniter->handleRequest(NULL, Object(Config\Cache), false)
#11 C:\Users\ASUS TUF\Desktop\web pensiun\cms\dpension_admin\public\index.php(37): CodeIgniter\CodeIgniter->run()
#12 C:\Users\ASUS TUF\Desktop\web pensiun\cms\dpension_admin\vendor\codeigniter4\framework\system\Commands\Server\rewrite.php(43): require_once('C:\\Users\\ASUS T...')
#13 {main}
CRITICAL - 2022-07-13 02:08:11 --> Call to undefined method CodeIgniter\View\View::inlude()
#0 C:\Users\ASUS TUF\Desktop\web pensiun\cms\dpension_admin\vendor\codeigniter4\framework\system\View\View.php(210): include()
#1 C:\Users\ASUS TUF\Desktop\web pensiun\cms\dpension_admin\vendor\codeigniter4\framework\system\View\View.php(213): CodeIgniter\View\View->CodeIgniter\View\{closure}()
#2 C:\Users\ASUS TUF\Desktop\web pensiun\cms\dpension_admin\vendor\codeigniter4\framework\system\View\View.php(424): CodeIgniter\View\View->render('contents/apps/e...', NULL, true)
#3 C:\Users\ASUS TUF\Desktop\web pensiun\cms\dpension_admin\app\Views\pages\apps\ecommerce\catalog\add-category.php(8): CodeIgniter\View\View->include('contents/apps/e...')
#4 C:\Users\ASUS TUF\Desktop\web pensiun\cms\dpension_admin\vendor\codeigniter4\framework\system\View\View.php(210): include('C:\\Users\\ASUS T...')
#5 C:\Users\ASUS TUF\Desktop\web pensiun\cms\dpension_admin\vendor\codeigniter4\framework\system\View\View.php(213): CodeIgniter\View\View->CodeIgniter\View\{closure}()
#6 C:\Users\ASUS TUF\Desktop\web pensiun\cms\dpension_admin\vendor\codeigniter4\framework\system\Common.php(1089): CodeIgniter\View\View->render('pages/apps/ecom...', Array, true)
#7 C:\Users\ASUS TUF\Desktop\web pensiun\cms\dpension_admin\app\Controllers\Pages.php(37): view('pages/apps/ecom...', Array)
#8 C:\Users\ASUS TUF\Desktop\web pensiun\cms\dpension_admin\vendor\codeigniter4\framework\system\CodeIgniter.php(832): App\Controllers\Pages->add_category()
#9 C:\Users\ASUS TUF\Desktop\web pensiun\cms\dpension_admin\vendor\codeigniter4\framework\system\CodeIgniter.php(419): CodeIgniter\CodeIgniter->runController(Object(App\Controllers\Pages))
#10 C:\Users\ASUS TUF\Desktop\web pensiun\cms\dpension_admin\vendor\codeigniter4\framework\system\CodeIgniter.php(326): CodeIgniter\CodeIgniter->handleRequest(NULL, Object(Config\Cache), false)
#11 C:\Users\ASUS TUF\Desktop\web pensiun\cms\dpension_admin\public\index.php(37): CodeIgniter\CodeIgniter->run()
#12 C:\Users\ASUS TUF\Desktop\web pensiun\cms\dpension_admin\vendor\codeigniter4\framework\system\Commands\Server\rewrite.php(43): require_once('C:\\Users\\ASUS T...')
#13 {main}
