CRITICAL - 2022-08-08 00:07:25 --> Invalid file: components/navigation/items/users.php
#0 C:\Users\kamar\code\retirement-articles\cms\pension-cms\vendor\codeigniter4\framework\system\View\View.php(198): CodeIgniter\Exceptions\FrameworkException::forInvalidFile('components/navi...')
#1 C:\Users\kamar\code\retirement-articles\cms\pension-cms\vendor\codeigniter4\framework\system\View\View.php(424): CodeIgniter\View\View->render('components/navi...', NULL, true)
#2 C:\Users\kamar\code\retirement-articles\cms\pension-cms\app\Views\components\navigation\aside\author.php(22): CodeIgniter\View\View->include('components/navi...')
#3 C:\Users\kamar\code\retirement-articles\cms\pension-cms\vendor\codeigniter4\framework\system\View\View.php(210): include('C:\\Users\\kamar\\...')
#4 C:\Users\kamar\code\retirement-articles\cms\pension-cms\vendor\codeigniter4\framework\system\View\View.php(213): CodeIgniter\View\View->CodeIgniter\View\{closure}()
#5 C:\Users\kamar\code\retirement-articles\cms\pension-cms\vendor\codeigniter4\framework\system\View\View.php(424): CodeIgniter\View\View->render('components/navi...', NULL, true)
#6 C:\Users\kamar\code\retirement-articles\cms\pension-cms\app\Views\partials\aside.php(56): CodeIgniter\View\View->include('components/navi...')
#7 C:\Users\kamar\code\retirement-articles\cms\pension-cms\vendor\codeigniter4\framework\system\View\View.php(210): include('C:\\Users\\kamar\\...')
#8 C:\Users\kamar\code\retirement-articles\cms\pension-cms\vendor\codeigniter4\framework\system\View\View.php(213): CodeIgniter\View\View->CodeIgniter\View\{closure}()
#9 C:\Users\kamar\code\retirement-articles\cms\pension-cms\vendor\codeigniter4\framework\system\View\View.php(424): CodeIgniter\View\View->render('partials/aside', NULL, true)
#10 C:\Users\kamar\code\retirement-articles\cms\pension-cms\app\Views\contents\authors\author-list.php(5): CodeIgniter\View\View->include('partials/aside')
#11 C:\Users\kamar\code\retirement-articles\cms\pension-cms\vendor\codeigniter4\framework\system\View\View.php(210): include('C:\\Users\\kamar\\...')
#12 C:\Users\kamar\code\retirement-articles\cms\pension-cms\vendor\codeigniter4\framework\system\View\View.php(213): CodeIgniter\View\View->CodeIgniter\View\{closure}()
#13 C:\Users\kamar\code\retirement-articles\cms\pension-cms\vendor\codeigniter4\framework\system\View\View.php(424): CodeIgniter\View\View->render('contents/author...', NULL, true)
#14 C:\Users\kamar\code\retirement-articles\cms\pension-cms\app\Views\pages\authors\author-list.php(9): CodeIgniter\View\View->include('contents/author...')
#15 C:\Users\kamar\code\retirement-articles\cms\pension-cms\vendor\codeigniter4\framework\system\View\View.php(210): include('C:\\Users\\kamar\\...')
#16 C:\Users\kamar\code\retirement-articles\cms\pension-cms\vendor\codeigniter4\framework\system\View\View.php(213): CodeIgniter\View\View->CodeIgniter\View\{closure}()
#17 C:\Users\kamar\code\retirement-articles\cms\pension-cms\vendor\codeigniter4\framework\system\Common.php(1089): CodeIgniter\View\View->render('pages/authors/a...', Array, true)
#18 C:\Users\kamar\code\retirement-articles\cms\pension-cms\app\Controllers\Pages.php(353): view('pages/authors/a...', Array)
#19 C:\Users\kamar\code\retirement-articles\cms\pension-cms\vendor\codeigniter4\framework\system\CodeIgniter.php(832): App\Controllers\Pages->author_list()
#20 C:\Users\kamar\code\retirement-articles\cms\pension-cms\vendor\codeigniter4\framework\system\CodeIgniter.php(419): CodeIgniter\CodeIgniter->runController(Object(App\Controllers\Pages))
#21 C:\Users\kamar\code\retirement-articles\cms\pension-cms\vendor\codeigniter4\framework\system\CodeIgniter.php(326): CodeIgniter\CodeIgniter->handleRequest(NULL, Object(Config\Cache), false)
#22 C:\Users\kamar\code\retirement-articles\cms\pension-cms\public\index.php(37): CodeIgniter\CodeIgniter->run()
#23 C:\Users\kamar\code\retirement-articles\cms\pension-cms\vendor\codeigniter4\framework\system\Commands\Server\rewrite.php(43): require_once('C:\\Users\\kamar\\...')
#24 {main}
CRITICAL - 2022-08-08 02:33:23 --> Array to string conversion
#0 C:\Users\kamar\code\retirement-articles\cms\pension-cms\app\Views\components\list\author2.php(186): CodeIgniter\Debug\Exceptions->errorHandler(2, 'Array to string...', 'C:\\Users\\kamar\\...', 186)
#1 C:\Users\kamar\code\retirement-articles\cms\pension-cms\vendor\codeigniter4\framework\system\View\View.php(210): include('C:\\Users\\kamar\\...')
#2 C:\Users\kamar\code\retirement-articles\cms\pension-cms\vendor\codeigniter4\framework\system\View\View.php(213): CodeIgniter\View\View->CodeIgniter\View\{closure}()
#3 C:\Users\kamar\code\retirement-articles\cms\pension-cms\vendor\codeigniter4\framework\system\View\View.php(424): CodeIgniter\View\View->render('components/list...', NULL, true)
#4 C:\Users\kamar\code\retirement-articles\cms\pension-cms\app\Views\contents\authors\author-list.php(26): CodeIgniter\View\View->include('components/list...')
#5 C:\Users\kamar\code\retirement-articles\cms\pension-cms\vendor\codeigniter4\framework\system\View\View.php(210): include('C:\\Users\\kamar\\...')
#6 C:\Users\kamar\code\retirement-articles\cms\pension-cms\vendor\codeigniter4\framework\system\View\View.php(213): CodeIgniter\View\View->CodeIgniter\View\{closure}()
#7 C:\Users\kamar\code\retirement-articles\cms\pension-cms\vendor\codeigniter4\framework\system\View\View.php(424): CodeIgniter\View\View->render('contents/author...', NULL, true)
#8 C:\Users\kamar\code\retirement-articles\cms\pension-cms\app\Views\pages\authors\author-list.php(9): CodeIgniter\View\View->include('contents/author...')
#9 C:\Users\kamar\code\retirement-articles\cms\pension-cms\vendor\codeigniter4\framework\system\View\View.php(210): include('C:\\Users\\kamar\\...')
#10 C:\Users\kamar\code\retirement-articles\cms\pension-cms\vendor\codeigniter4\framework\system\View\View.php(213): CodeIgniter\View\View->CodeIgniter\View\{closure}()
#11 C:\Users\kamar\code\retirement-articles\cms\pension-cms\vendor\codeigniter4\framework\system\Common.php(1089): CodeIgniter\View\View->render('pages/authors/a...', Array, true)
#12 C:\Users\kamar\code\retirement-articles\cms\pension-cms\app\Controllers\Pages.php(402): view('pages/authors/a...', Array)
#13 C:\Users\kamar\code\retirement-articles\cms\pension-cms\vendor\codeigniter4\framework\system\CodeIgniter.php(832): App\Controllers\Pages->users_list()
#14 C:\Users\kamar\code\retirement-articles\cms\pension-cms\vendor\codeigniter4\framework\system\CodeIgniter.php(419): CodeIgniter\CodeIgniter->runController(Object(App\Controllers\Pages))
#15 C:\Users\kamar\code\retirement-articles\cms\pension-cms\vendor\codeigniter4\framework\system\CodeIgniter.php(326): CodeIgniter\CodeIgniter->handleRequest(NULL, Object(Config\Cache), false)
#16 C:\Users\kamar\code\retirement-articles\cms\pension-cms\public\index.php(37): CodeIgniter\CodeIgniter->run()
#17 C:\Users\kamar\code\retirement-articles\cms\pension-cms\vendor\codeigniter4\framework\system\Commands\Server\rewrite.php(43): require_once('C:\\Users\\kamar\\...')
#18 {main}
