CRITICAL - 2022-08-07 09:09:42 --> IonAuth\Libraries\IonAuth::register(): Argument #3 ($email) must be of type string, null given, called in C:\Users\kamar\code\retirement-articles\cms\pension-cms\app\Controllers\PostController.php on line 59
#0 C:\Users\kamar\code\retirement-articles\cms\pension-cms\app\Controllers\PostController.php(59): IonAuth\Libraries\IonAuth->register('kamargana', 'kamus13tauhid', NULL, Array, Array)
#1 C:\Users\kamar\code\retirement-articles\cms\pension-cms\vendor\codeigniter4\framework\system\CodeIgniter.php(832): App\Controllers\PostController->register_author()
#2 C:\Users\kamar\code\retirement-articles\cms\pension-cms\vendor\codeigniter4\framework\system\CodeIgniter.php(419): CodeIgniter\CodeIgniter->runController(Object(App\Controllers\PostController))
#3 C:\Users\kamar\code\retirement-articles\cms\pension-cms\vendor\codeigniter4\framework\system\CodeIgniter.php(326): CodeIgniter\CodeIgniter->handleRequest(NULL, Object(Config\Cache), false)
#4 C:\Users\kamar\code\retirement-articles\cms\pension-cms\public\index.php(37): CodeIgniter\CodeIgniter->run()
#5 C:\Users\kamar\code\retirement-articles\cms\pension-cms\vendor\codeigniter4\framework\system\Commands\Server\rewrite.php(43): require_once('C:\\Users\\kamar\\...')
#6 {main}
CRITICAL - 2022-08-07 09:10:47 -->  route cannot be found while reverse-routing.
#0 C:\Users\kamar\code\retirement-articles\cms\pension-cms\vendor\codeigniter4\framework\system\HTTP\RedirectResponse.php(56): CodeIgniter\HTTP\Exceptions\HTTPException::forInvalidRedirectRoute('')
#1 C:\Users\kamar\code\retirement-articles\cms\pension-cms\vendor\codeigniter4\framework\system\Common.php(832): CodeIgniter\HTTP\RedirectResponse->route(false)
#2 C:\Users\kamar\code\retirement-articles\cms\pension-cms\app\Controllers\PostController.php(70): redirect('dashboard')
#3 C:\Users\kamar\code\retirement-articles\cms\pension-cms\vendor\codeigniter4\framework\system\CodeIgniter.php(832): App\Controllers\PostController->login()
#4 C:\Users\kamar\code\retirement-articles\cms\pension-cms\vendor\codeigniter4\framework\system\CodeIgniter.php(419): CodeIgniter\CodeIgniter->runController(Object(App\Controllers\PostController))
#5 C:\Users\kamar\code\retirement-articles\cms\pension-cms\vendor\codeigniter4\framework\system\CodeIgniter.php(326): CodeIgniter\CodeIgniter->handleRequest(NULL, Object(Config\Cache), false)
#6 C:\Users\kamar\code\retirement-articles\cms\pension-cms\public\index.php(37): CodeIgniter\CodeIgniter->run()
#7 C:\Users\kamar\code\retirement-articles\cms\pension-cms\vendor\codeigniter4\framework\system\Commands\Server\rewrite.php(43): require_once('C:\\Users\\kamar\\...')
#8 {main}
CRITICAL - 2022-08-07 09:17:35 -->  route cannot be found while reverse-routing.
#0 C:\Users\kamar\code\retirement-articles\cms\pension-cms\vendor\codeigniter4\framework\system\HTTP\RedirectResponse.php(56): CodeIgniter\HTTP\Exceptions\HTTPException::forInvalidRedirectRoute('')
#1 C:\Users\kamar\code\retirement-articles\cms\pension-cms\vendor\codeigniter4\framework\system\Common.php(832): CodeIgniter\HTTP\RedirectResponse->route(false)
#2 C:\Users\kamar\code\retirement-articles\cms\pension-cms\app\Controllers\PostController.php(71): redirect('/sign-in')
#3 C:\Users\kamar\code\retirement-articles\cms\pension-cms\vendor\codeigniter4\framework\system\CodeIgniter.php(832): App\Controllers\PostController->login()
#4 C:\Users\kamar\code\retirement-articles\cms\pension-cms\vendor\codeigniter4\framework\system\CodeIgniter.php(419): CodeIgniter\CodeIgniter->runController(Object(App\Controllers\PostController))
#5 C:\Users\kamar\code\retirement-articles\cms\pension-cms\vendor\codeigniter4\framework\system\CodeIgniter.php(326): CodeIgniter\CodeIgniter->handleRequest(NULL, Object(Config\Cache), false)
#6 C:\Users\kamar\code\retirement-articles\cms\pension-cms\public\index.php(37): CodeIgniter\CodeIgniter->run()
#7 C:\Users\kamar\code\retirement-articles\cms\pension-cms\vendor\codeigniter4\framework\system\Commands\Server\rewrite.php(43): require_once('C:\\Users\\kamar\\...')
#8 {main}
