CRITICAL - 2022-08-04 22:33:31 --> Undefined variable $data
#0 C:\Users\kamar\code\retirement-articles\cms\pension-cms\app\Views\components\category-list.php(66): CodeIgniter\Debug\Exceptions->errorHandler(2, 'Undefined varia...', 'C:\\Users\\kamar\\...', 66)
#1 C:\Users\kamar\code\retirement-articles\cms\pension-cms\vendor\codeigniter4\framework\system\View\View.php(210): include('C:\\Users\\kamar\\...')
#2 C:\Users\kamar\code\retirement-articles\cms\pension-cms\vendor\codeigniter4\framework\system\View\View.php(213): CodeIgniter\View\View->CodeIgniter\View\{closure}()
#3 C:\Users\kamar\code\retirement-articles\cms\pension-cms\vendor\codeigniter4\framework\system\View\View.php(424): CodeIgniter\View\View->render('components/cate...', NULL, true)
#4 C:\Users\kamar\code\retirement-articles\cms\pension-cms\app\Views\contents\dashboards\dashboard.php(115): CodeIgniter\View\View->include('components/cate...')
#5 C:\Users\kamar\code\retirement-articles\cms\pension-cms\vendor\codeigniter4\framework\system\View\View.php(210): include('C:\\Users\\kamar\\...')
#6 C:\Users\kamar\code\retirement-articles\cms\pension-cms\vendor\codeigniter4\framework\system\View\View.php(213): CodeIgniter\View\View->CodeIgniter\View\{closure}()
#7 C:\Users\kamar\code\retirement-articles\cms\pension-cms\vendor\codeigniter4\framework\system\View\View.php(424): CodeIgniter\View\View->render('contents/dashbo...', NULL, true)
#8 C:\Users\kamar\code\retirement-articles\cms\pension-cms\app\Views\pages\dashboards\dashboard.php(12): CodeIgniter\View\View->include('contents/dashbo...')
#9 C:\Users\kamar\code\retirement-articles\cms\pension-cms\vendor\codeigniter4\framework\system\View\View.php(210): include('C:\\Users\\kamar\\...')
#10 C:\Users\kamar\code\retirement-articles\cms\pension-cms\vendor\codeigniter4\framework\system\View\View.php(213): CodeIgniter\View\View->CodeIgniter\View\{closure}()
#11 C:\Users\kamar\code\retirement-articles\cms\pension-cms\vendor\codeigniter4\framework\system\Common.php(1089): CodeIgniter\View\View->render('pages/dashboard...', Array, true)
#12 C:\Users\kamar\code\retirement-articles\cms\pension-cms\app\Controllers\Pages.php(31): view('pages/dashboard...', Array)
#13 C:\Users\kamar\code\retirement-articles\cms\pension-cms\vendor\codeigniter4\framework\system\CodeIgniter.php(832): App\Controllers\Pages->index()
#14 C:\Users\kamar\code\retirement-articles\cms\pension-cms\vendor\codeigniter4\framework\system\CodeIgniter.php(419): CodeIgniter\CodeIgniter->runController(Object(App\Controllers\Pages))
#15 C:\Users\kamar\code\retirement-articles\cms\pension-cms\vendor\codeigniter4\framework\system\CodeIgniter.php(326): CodeIgniter\CodeIgniter->handleRequest(NULL, Object(Config\Cache), false)
#16 C:\Users\kamar\code\retirement-articles\cms\pension-cms\public\index.php(37): CodeIgniter\CodeIgniter->run()
#17 C:\Users\kamar\code\retirement-articles\cms\pension-cms\vendor\codeigniter4\framework\system\Commands\Server\rewrite.php(43): require_once('C:\\Users\\kamar\\...')
#18 {main}
CRITICAL - 2022-08-04 22:33:51 --> Undefined variable $data
#0 C:\Users\kamar\code\retirement-articles\cms\pension-cms\app\Views\components\category-list.php(66): CodeIgniter\Debug\Exceptions->errorHandler(2, 'Undefined varia...', 'C:\\Users\\kamar\\...', 66)
#1 C:\Users\kamar\code\retirement-articles\cms\pension-cms\vendor\codeigniter4\framework\system\View\View.php(210): include('C:\\Users\\kamar\\...')
#2 C:\Users\kamar\code\retirement-articles\cms\pension-cms\vendor\codeigniter4\framework\system\View\View.php(213): CodeIgniter\View\View->CodeIgniter\View\{closure}()
#3 C:\Users\kamar\code\retirement-articles\cms\pension-cms\vendor\codeigniter4\framework\system\View\View.php(424): CodeIgniter\View\View->render('components/cate...', NULL, true)
#4 C:\Users\kamar\code\retirement-articles\cms\pension-cms\app\Views\contents\dashboards\dashboard.php(115): CodeIgniter\View\View->include('components/cate...')
#5 C:\Users\kamar\code\retirement-articles\cms\pension-cms\vendor\codeigniter4\framework\system\View\View.php(210): include('C:\\Users\\kamar\\...')
#6 C:\Users\kamar\code\retirement-articles\cms\pension-cms\vendor\codeigniter4\framework\system\View\View.php(213): CodeIgniter\View\View->CodeIgniter\View\{closure}()
#7 C:\Users\kamar\code\retirement-articles\cms\pension-cms\vendor\codeigniter4\framework\system\View\View.php(424): CodeIgniter\View\View->render('contents/dashbo...', NULL, true)
#8 C:\Users\kamar\code\retirement-articles\cms\pension-cms\app\Views\pages\dashboards\dashboard.php(12): CodeIgniter\View\View->include('contents/dashbo...')
#9 C:\Users\kamar\code\retirement-articles\cms\pension-cms\vendor\codeigniter4\framework\system\View\View.php(210): include('C:\\Users\\kamar\\...')
#10 C:\Users\kamar\code\retirement-articles\cms\pension-cms\vendor\codeigniter4\framework\system\View\View.php(213): CodeIgniter\View\View->CodeIgniter\View\{closure}()
#11 C:\Users\kamar\code\retirement-articles\cms\pension-cms\vendor\codeigniter4\framework\system\Common.php(1089): CodeIgniter\View\View->render('pages/dashboard...', Array, true)
#12 C:\Users\kamar\code\retirement-articles\cms\pension-cms\app\Controllers\Pages.php(31): view('pages/dashboard...', Array)
#13 C:\Users\kamar\code\retirement-articles\cms\pension-cms\vendor\codeigniter4\framework\system\CodeIgniter.php(832): App\Controllers\Pages->index()
#14 C:\Users\kamar\code\retirement-articles\cms\pension-cms\vendor\codeigniter4\framework\system\CodeIgniter.php(419): CodeIgniter\CodeIgniter->runController(Object(App\Controllers\Pages))
#15 C:\Users\kamar\code\retirement-articles\cms\pension-cms\vendor\codeigniter4\framework\system\CodeIgniter.php(326): CodeIgniter\CodeIgniter->handleRequest(NULL, Object(Config\Cache), false)
#16 C:\Users\kamar\code\retirement-articles\cms\pension-cms\public\index.php(37): CodeIgniter\CodeIgniter->run()
#17 C:\Users\kamar\code\retirement-articles\cms\pension-cms\vendor\codeigniter4\framework\system\Commands\Server\rewrite.php(43): require_once('C:\\Users\\kamar\\...')
#18 {main}
CRITICAL - 2022-08-04 22:34:17 --> Undefined variable $data
#0 C:\Users\kamar\code\retirement-articles\cms\pension-cms\app\Views\components\category-list.php(66): CodeIgniter\Debug\Exceptions->errorHandler(2, 'Undefined varia...', 'C:\\Users\\kamar\\...', 66)
#1 C:\Users\kamar\code\retirement-articles\cms\pension-cms\vendor\codeigniter4\framework\system\View\View.php(210): include('C:\\Users\\kamar\\...')
#2 C:\Users\kamar\code\retirement-articles\cms\pension-cms\vendor\codeigniter4\framework\system\View\View.php(213): CodeIgniter\View\View->CodeIgniter\View\{closure}()
#3 C:\Users\kamar\code\retirement-articles\cms\pension-cms\vendor\codeigniter4\framework\system\View\View.php(424): CodeIgniter\View\View->render('components/cate...', NULL, true)
#4 C:\Users\kamar\code\retirement-articles\cms\pension-cms\app\Views\contents\dashboards\dashboard.php(115): CodeIgniter\View\View->include('components/cate...')
#5 C:\Users\kamar\code\retirement-articles\cms\pension-cms\vendor\codeigniter4\framework\system\View\View.php(210): include('C:\\Users\\kamar\\...')
#6 C:\Users\kamar\code\retirement-articles\cms\pension-cms\vendor\codeigniter4\framework\system\View\View.php(213): CodeIgniter\View\View->CodeIgniter\View\{closure}()
#7 C:\Users\kamar\code\retirement-articles\cms\pension-cms\vendor\codeigniter4\framework\system\View\View.php(424): CodeIgniter\View\View->render('contents/dashbo...', NULL, true)
#8 C:\Users\kamar\code\retirement-articles\cms\pension-cms\app\Views\pages\dashboards\dashboard.php(12): CodeIgniter\View\View->include('contents/dashbo...')
#9 C:\Users\kamar\code\retirement-articles\cms\pension-cms\vendor\codeigniter4\framework\system\View\View.php(210): include('C:\\Users\\kamar\\...')
#10 C:\Users\kamar\code\retirement-articles\cms\pension-cms\vendor\codeigniter4\framework\system\View\View.php(213): CodeIgniter\View\View->CodeIgniter\View\{closure}()
#11 C:\Users\kamar\code\retirement-articles\cms\pension-cms\vendor\codeigniter4\framework\system\Common.php(1089): CodeIgniter\View\View->render('pages/dashboard...', Array, true)
#12 C:\Users\kamar\code\retirement-articles\cms\pension-cms\app\Controllers\Pages.php(31): view('pages/dashboard...', Array)
#13 C:\Users\kamar\code\retirement-articles\cms\pension-cms\vendor\codeigniter4\framework\system\CodeIgniter.php(832): App\Controllers\Pages->index()
#14 C:\Users\kamar\code\retirement-articles\cms\pension-cms\vendor\codeigniter4\framework\system\CodeIgniter.php(419): CodeIgniter\CodeIgniter->runController(Object(App\Controllers\Pages))
#15 C:\Users\kamar\code\retirement-articles\cms\pension-cms\vendor\codeigniter4\framework\system\CodeIgniter.php(326): CodeIgniter\CodeIgniter->handleRequest(NULL, Object(Config\Cache), false)
#16 C:\Users\kamar\code\retirement-articles\cms\pension-cms\public\index.php(37): CodeIgniter\CodeIgniter->run()
#17 {main}
